<?xml version="1.0" encoding="UTF-8"?>
<testsuite xmlns:xsi="http://www.w3.org/2001/XMLSchema-instance" xsi:noNamespaceSchemaLocation="https://maven.apache.org/surefire/maven-surefire-plugin/xsd/surefire-test-report-3.0.xsd" version="3.0" name="TestSuite" time="63.715" tests="6" errors="0" skipped="2" failures="1">
  <properties>
    <property name="java.specification.version" value="20"/>
    <property name="webdriver.chrome.driver" value="C:\Users\Bharath\.cache\selenium\chromedriver\win64\114.0.5735.90\chromedriver.exe"/>
    <property name="sun.cpu.isalist" value="amd64"/>
    <property name="sun.jnu.encoding" value="Cp1252"/>
    <property name="java.class.path" value="C:\Users\Bharath\eclipse-workspace\01-Jan-2024\Rahulshetty_01_01_2024\SeleniumFrameworkDesign\target\test-classes;C:\Users\Bharath\eclipse-workspace\01-Jan-2024\Rahulshetty_01_01_2024\SeleniumFrameworkDesign\target\classes;C:\Users\Bharath\.m2\repository\org\seleniumhq\selenium\selenium-java\4.16.1\selenium-java-4.16.1.jar;C:\Users\Bharath\.m2\repository\org\seleniumhq\selenium\selenium-api\4.16.1\selenium-api-4.16.1.jar;C:\Users\Bharath\.m2\repository\org\seleniumhq\selenium\selenium-chrome-driver\4.16.1\selenium-chrome-driver-4.16.1.jar;C:\Users\Bharath\.m2\repository\com\google\auto\service\auto-service-annotations\1.1.1\auto-service-annotations-1.1.1.jar;C:\Users\Bharath\.m2\repository\org\seleniumhq\selenium\selenium-chromium-driver\4.16.1\selenium-chromium-driver-4.16.1.jar;C:\Users\Bharath\.m2\repository\org\seleniumhq\selenium\selenium-json\4.16.1\selenium-json-4.16.1.jar;C:\Users\Bharath\.m2\repository\org\seleniumhq\selenium\selenium-manager\4.16.1\selenium-manager-4.16.1.jar;C:\Users\Bharath\.m2\repository\org\seleniumhq\selenium\selenium-devtools-v118\4.16.1\selenium-devtools-v118-4.16.1.jar;C:\Users\Bharath\.m2\repository\org\seleniumhq\selenium\selenium-devtools-v119\4.16.1\selenium-devtools-v119-4.16.1.jar;C:\Users\Bharath\.m2\repository\org\seleniumhq\selenium\selenium-devtools-v120\4.16.1\selenium-devtools-v120-4.16.1.jar;C:\Users\Bharath\.m2\repository\org\seleniumhq\selenium\selenium-devtools-v85\4.16.1\selenium-devtools-v85-4.16.1.jar;C:\Users\Bharath\.m2\repository\org\seleniumhq\selenium\selenium-edge-driver\4.16.1\selenium-edge-driver-4.16.1.jar;C:\Users\Bharath\.m2\repository\org\seleniumhq\selenium\selenium-firefox-driver\4.16.1\selenium-firefox-driver-4.16.1.jar;C:\Users\Bharath\.m2\repository\org\seleniumhq\selenium\selenium-http\4.16.1\selenium-http-4.16.1.jar;C:\Users\Bharath\.m2\repository\dev\failsafe\failsafe\3.3.2\failsafe-3.3.2.jar;C:\Users\Bharath\.m2\repository\org\seleniumhq\selenium\selenium-ie-driver\4.16.1\selenium-ie-driver-4.16.1.jar;C:\Users\Bharath\.m2\repository\org\seleniumhq\selenium\selenium-remote-driver\4.16.1\selenium-remote-driver-4.16.1.jar;C:\Users\Bharath\.m2\repository\com\google\guava\guava\32.1.2-jre\guava-32.1.2-jre.jar;C:\Users\Bharath\.m2\repository\com\google\guava\failureaccess\1.0.1\failureaccess-1.0.1.jar;C:\Users\Bharath\.m2\repository\com\google\guava\listenablefuture\9999.0-empty-to-avoid-conflict-with-guava\listenablefuture-9999.0-empty-to-avoid-conflict-with-guava.jar;C:\Users\Bharath\.m2\repository\com\google\code\findbugs\jsr305\3.0.2\jsr305-3.0.2.jar;C:\Users\Bharath\.m2\repository\org\checkerframework\checker-qual\3.33.0\checker-qual-3.33.0.jar;C:\Users\Bharath\.m2\repository\com\google\errorprone\error_prone_annotations\2.18.0\error_prone_annotations-2.18.0.jar;C:\Users\Bharath\.m2\repository\com\google\j2objc\j2objc-annotations\2.8\j2objc-annotations-2.8.jar;C:\Users\Bharath\.m2\repository\io\opentelemetry\opentelemetry-api\1.28.0\opentelemetry-api-1.28.0.jar;C:\Users\Bharath\.m2\repository\io\opentelemetry\opentelemetry-context\1.28.0\opentelemetry-context-1.28.0.jar;C:\Users\Bharath\.m2\repository\io\opentelemetry\opentelemetry-exporter-logging\1.28.0\opentelemetry-exporter-logging-1.28.0.jar;C:\Users\Bharath\.m2\repository\io\opentelemetry\opentelemetry-sdk-metrics\1.28.0\opentelemetry-sdk-metrics-1.28.0.jar;C:\Users\Bharath\.m2\repository\io\opentelemetry\opentelemetry-extension-incubator\1.28.0-alpha\opentelemetry-extension-incubator-1.28.0-alpha.jar;C:\Users\Bharath\.m2\repository\io\opentelemetry\opentelemetry-sdk-logs\1.28.0\opentelemetry-sdk-logs-1.28.0.jar;C:\Users\Bharath\.m2\repository\io\opentelemetry\opentelemetry-sdk-common\1.28.0\opentelemetry-sdk-common-1.28.0.jar;C:\Users\Bharath\.m2\repository\io\opentelemetry\opentelemetry-sdk-extension-autoconfigure-spi\1.28.0\opentelemetry-sdk-extension-autoconfigure-spi-1.28.0.jar;C:\Users\Bharath\.m2\repository\io\opentelemetry\opentelemetry-sdk-extension-autoconfigure\1.28.0\opentelemetry-sdk-extension-autoconfigure-1.28.0.jar;C:\Users\Bharath\.m2\repository\io\opentelemetry\opentelemetry-api-events\1.28.0-alpha\opentelemetry-api-events-1.28.0-alpha.jar;C:\Users\Bharath\.m2\repository\io\opentelemetry\opentelemetry-sdk-trace\1.28.0\opentelemetry-sdk-trace-1.28.0.jar;C:\Users\Bharath\.m2\repository\io\opentelemetry\opentelemetry-sdk\1.28.0\opentelemetry-sdk-1.28.0.jar;C:\Users\Bharath\.m2\repository\io\opentelemetry\opentelemetry-semconv\1.28.0-alpha\opentelemetry-semconv-1.28.0-alpha.jar;C:\Users\Bharath\.m2\repository\net\bytebuddy\byte-buddy\1.14.5\byte-buddy-1.14.5.jar;C:\Users\Bharath\.m2\repository\org\seleniumhq\selenium\selenium-os\4.16.1\selenium-os-4.16.1.jar;C:\Users\Bharath\.m2\repository\org\apache\commons\commons-exec\1.3\commons-exec-1.3.jar;C:\Users\Bharath\.m2\repository\org\seleniumhq\selenium\selenium-safari-driver\4.16.1\selenium-safari-driver-4.16.1.jar;C:\Users\Bharath\.m2\repository\org\seleniumhq\selenium\selenium-support\4.16.1\selenium-support-4.16.1.jar;C:\Users\Bharath\.m2\repository\org\testng\testng\7.7.1\testng-7.7.1.jar;C:\Users\Bharath\.m2\repository\com\beust\jcommander\1.82\jcommander-1.82.jar;C:\Users\Bharath\.m2\repository\org\webjars\jquery\3.6.1\jquery-3.6.1.jar;C:\Users\Bharath\.m2\repository\io\github\bonigarcia\webdrivermanager\5.6.2\webdrivermanager-5.6.2.jar;C:\Users\Bharath\.m2\repository\com\google\code\gson\gson\2.10.1\gson-2.10.1.jar;C:\Users\Bharath\.m2\repository\com\github\docker-java\docker-java\3.3.4\docker-java-3.3.4.jar;C:\Users\Bharath\.m2\repository\com\github\docker-java\docker-java-core\3.3.4\docker-java-core-3.3.4.jar;C:\Users\Bharath\.m2\repository\com\github\docker-java\docker-java-api\3.3.4\docker-java-api-3.3.4.jar;C:\Users\Bharath\.m2\repository\org\bouncycastle\bcpkix-jdk18on\1.76\bcpkix-jdk18on-1.76.jar;C:\Users\Bharath\.m2\repository\org\bouncycastle\bcprov-jdk18on\1.76\bcprov-jdk18on-1.76.jar;C:\Users\Bharath\.m2\repository\org\bouncycastle\bcutil-jdk18on\1.76\bcutil-jdk18on-1.76.jar;C:\Users\Bharath\.m2\repository\org\slf4j\jcl-over-slf4j\1.7.30\jcl-over-slf4j-1.7.30.jar;C:\Users\Bharath\.m2\repository\com\github\docker-java\docker-java-transport-httpclient5\3.3.4\docker-java-transport-httpclient5-3.3.4.jar;C:\Users\Bharath\.m2\repository\com\github\docker-java\docker-java-transport\3.3.4\docker-java-transport-3.3.4.jar;C:\Users\Bharath\.m2\repository\net\java\dev\jna\jna\5.13.0\jna-5.13.0.jar;C:\Users\Bharath\.m2\repository\org\brotli\dec\0.1.2\dec-0.1.2.jar;C:\Users\Bharath\.m2\repository\org\apache\commons\commons-lang3\3.13.0\commons-lang3-3.13.0.jar;C:\Users\Bharath\.m2\repository\org\apache\commons\commons-compress\1.24.0\commons-compress-1.24.0.jar;C:\Users\Bharath\.m2\repository\org\apache\httpcomponents\client5\httpclient5\5.2.1\httpclient5-5.2.1.jar;C:\Users\Bharath\.m2\repository\org\apache\httpcomponents\core5\httpcore5\5.2\httpcore5-5.2.jar;C:\Users\Bharath\.m2\repository\org\apache\httpcomponents\core5\httpcore5-h2\5.2\httpcore5-h2-5.2.jar;C:\Users\Bharath\.m2\repository\org\slf4j\slf4j-api\2.0.11\slf4j-api-2.0.11.jar;C:\Users\Bharath\.m2\repository\ch\qos\logback\logback-classic\1.4.14\logback-classic-1.4.14.jar;C:\Users\Bharath\.m2\repository\ch\qos\logback\logback-core\1.4.14\logback-core-1.4.14.jar;C:\Users\Bharath\.m2\repository\com\fasterxml\jackson\core\jackson-databind\2.16.0\jackson-databind-2.16.0.jar;C:\Users\Bharath\.m2\repository\com\fasterxml\jackson\core\jackson-annotations\2.16.0\jackson-annotations-2.16.0.jar;C:\Users\Bharath\.m2\repository\com\fasterxml\jackson\core\jackson-core\2.16.0\jackson-core-2.16.0.jar;C:\Users\Bharath\.m2\repository\com\aventstack\extentreports\5.1.0\extentreports-5.1.0.jar;C:\Users\Bharath\.m2\repository\io\reactivex\rxjava3\rxjava\3.1.6\rxjava-3.1.6.jar;C:\Users\Bharath\.m2\repository\org\reactivestreams\reactive-streams\1.0.4\reactive-streams-1.0.4.jar;C:\Users\Bharath\.m2\repository\org\freemarker\freemarker\2.3.32\freemarker-2.3.32.jar;C:\Users\Bharath\.m2\repository\org\projectlombok\lombok\1.18.26\lombok-1.18.26.jar;C:\Users\Bharath\.m2\repository\io\cucumber\cucumber-java\7.15.0\cucumber-java-7.15.0.jar;C:\Users\Bharath\.m2\repository\io\cucumber\cucumber-core\7.15.0\cucumber-core-7.15.0.jar;C:\Users\Bharath\.m2\repository\io\cucumber\cucumber-gherkin\7.15.0\cucumber-gherkin-7.15.0.jar;C:\Users\Bharath\.m2\repository\io\cucumber\cucumber-gherkin-messages\7.15.0\cucumber-gherkin-messages-7.15.0.jar;C:\Users\Bharath\.m2\repository\io\cucumber\gherkin\26.2.0\gherkin-26.2.0.jar;C:\Users\Bharath\.m2\repository\io\cucumber\messages\22.0.0\messages-22.0.0.jar;C:\Users\Bharath\.m2\repository\io\cucumber\tag-expressions\6.0.0\tag-expressions-6.0.0.jar;C:\Users\Bharath\.m2\repository\io\cucumber\cucumber-expressions\17.0.1\cucumber-expressions-17.0.1.jar;C:\Users\Bharath\.m2\repository\io\cucumber\datatable\7.15.0\datatable-7.15.0.jar;C:\Users\Bharath\.m2\repository\io\cucumber\cucumber-plugin\7.15.0\cucumber-plugin-7.15.0.jar;C:\Users\Bharath\.m2\repository\io\cucumber\docstring\7.15.0\docstring-7.15.0.jar;C:\Users\Bharath\.m2\repository\io\cucumber\html-formatter\20.4.0\html-formatter-20.4.0.jar;C:\Users\Bharath\.m2\repository\io\cucumber\junit-xml-formatter\0.2.0\junit-xml-formatter-0.2.0.jar;C:\Users\Bharath\.m2\repository\io\cucumber\ci-environment\10.0.0\ci-environment-10.0.0.jar;C:\Users\Bharath\.m2\repository\org\apiguardian\apiguardian-api\1.1.2\apiguardian-api-1.1.2.jar;C:\Users\Bharath\.m2\repository\io\cucumber\cucumber-testng\7.15.0\cucumber-testng-7.15.0.jar;C:\Users\Bharath\.m2\repository\org\apache\poi\poi\5.2.4\poi-5.2.4.jar;C:\Users\Bharath\.m2\repository\commons-codec\commons-codec\1.16.0\commons-codec-1.16.0.jar;C:\Users\Bharath\.m2\repository\org\apache\commons\commons-collections4\4.4\commons-collections4-4.4.jar;C:\Users\Bharath\.m2\repository\org\apache\commons\commons-math3\3.6.1\commons-math3-3.6.1.jar;C:\Users\Bharath\.m2\repository\commons-io\commons-io\2.13.0\commons-io-2.13.0.jar;C:\Users\Bharath\.m2\repository\com\zaxxer\SparseBitSet\1.3\SparseBitSet-1.3.jar;C:\Users\Bharath\.m2\repository\org\apache\logging\log4j\log4j-api\2.20.0\log4j-api-2.20.0.jar;C:\Users\Bharath\.m2\repository\org\apache\poi\poi-ooxml\5.2.3\poi-ooxml-5.2.3.jar;C:\Users\Bharath\.m2\repository\org\apache\poi\poi-ooxml-lite\5.2.3\poi-ooxml-lite-5.2.3.jar;C:\Users\Bharath\.m2\repository\org\apache\xmlbeans\xmlbeans\5.1.1\xmlbeans-5.1.1.jar;C:\Users\Bharath\.m2\repository\com\github\virtuald\curvesapi\1.07\curvesapi-1.07.jar;"/>
    <property name="java.vm.vendor" value="Oracle Corporation"/>
    <property name="sun.arch.data.model" value="64"/>
    <property name="user.variant" value=""/>
    <property name="java.vendor.url" value="https://java.oracle.com/"/>
    <property name="user.timezone" value="Asia/Calcutta"/>
    <property name="os.name" value="Windows 11"/>
    <property name="java.vm.specification.version" value="20"/>
    <property name="sun.java.launcher" value="SUN_STANDARD"/>
    <property name="user.country" value="IN"/>
    <property name="sun.boot.library.path" value="C:\Program Files\Java\jdk-20\bin"/>
    <property name="sun.java.command" value="C:\Users\Bharath\AppData\Local\Temp\surefire14157962870922542482\surefirebooter6583701712936371976.jar C:\Users\Bharath\AppData\Local\Temp\surefire14157962870922542482 2024-01-22T23-03-58_160-jvmRun1 surefire13089943107177684256tmp surefire_017021021631811221461tmp"/>
    <property name="jdk.debug" value="release"/>
    <property name="surefire.test.class.path" value="C:\Users\Bharath\eclipse-workspace\01-Jan-2024\Rahulshetty_01_01_2024\SeleniumFrameworkDesign\target\test-classes;C:\Users\Bharath\eclipse-workspace\01-Jan-2024\Rahulshetty_01_01_2024\SeleniumFrameworkDesign\target\classes;C:\Users\Bharath\.m2\repository\org\seleniumhq\selenium\selenium-java\4.16.1\selenium-java-4.16.1.jar;C:\Users\Bharath\.m2\repository\org\seleniumhq\selenium\selenium-api\4.16.1\selenium-api-4.16.1.jar;C:\Users\Bharath\.m2\repository\org\seleniumhq\selenium\selenium-chrome-driver\4.16.1\selenium-chrome-driver-4.16.1.jar;C:\Users\Bharath\.m2\repository\com\google\auto\service\auto-service-annotations\1.1.1\auto-service-annotations-1.1.1.jar;C:\Users\Bharath\.m2\repository\org\seleniumhq\selenium\selenium-chromium-driver\4.16.1\selenium-chromium-driver-4.16.1.jar;C:\Users\Bharath\.m2\repository\org\seleniumhq\selenium\selenium-json\4.16.1\selenium-json-4.16.1.jar;C:\Users\Bharath\.m2\repository\org\seleniumhq\selenium\selenium-manager\4.16.1\selenium-manager-4.16.1.jar;C:\Users\Bharath\.m2\repository\org\seleniumhq\selenium\selenium-devtools-v118\4.16.1\selenium-devtools-v118-4.16.1.jar;C:\Users\Bharath\.m2\repository\org\seleniumhq\selenium\selenium-devtools-v119\4.16.1\selenium-devtools-v119-4.16.1.jar;C:\Users\Bharath\.m2\repository\org\seleniumhq\selenium\selenium-devtools-v120\4.16.1\selenium-devtools-v120-4.16.1.jar;C:\Users\Bharath\.m2\repository\org\seleniumhq\selenium\selenium-devtools-v85\4.16.1\selenium-devtools-v85-4.16.1.jar;C:\Users\Bharath\.m2\repository\org\seleniumhq\selenium\selenium-edge-driver\4.16.1\selenium-edge-driver-4.16.1.jar;C:\Users\Bharath\.m2\repository\org\seleniumhq\selenium\selenium-firefox-driver\4.16.1\selenium-firefox-driver-4.16.1.jar;C:\Users\Bharath\.m2\repository\org\seleniumhq\selenium\selenium-http\4.16.1\selenium-http-4.16.1.jar;C:\Users\Bharath\.m2\repository\dev\failsafe\failsafe\3.3.2\failsafe-3.3.2.jar;C:\Users\Bharath\.m2\repository\org\seleniumhq\selenium\selenium-ie-driver\4.16.1\selenium-ie-driver-4.16.1.jar;C:\Users\Bharath\.m2\repository\org\seleniumhq\selenium\selenium-remote-driver\4.16.1\selenium-remote-driver-4.16.1.jar;C:\Users\Bharath\.m2\repository\com\google\guava\guava\32.1.2-jre\guava-32.1.2-jre.jar;C:\Users\Bharath\.m2\repository\com\google\guava\failureaccess\1.0.1\failureaccess-1.0.1.jar;C:\Users\Bharath\.m2\repository\com\google\guava\listenablefuture\9999.0-empty-to-avoid-conflict-with-guava\listenablefuture-9999.0-empty-to-avoid-conflict-with-guava.jar;C:\Users\Bharath\.m2\repository\com\google\code\findbugs\jsr305\3.0.2\jsr305-3.0.2.jar;C:\Users\Bharath\.m2\repository\org\checkerframework\checker-qual\3.33.0\checker-qual-3.33.0.jar;C:\Users\Bharath\.m2\repository\com\google\errorprone\error_prone_annotations\2.18.0\error_prone_annotations-2.18.0.jar;C:\Users\Bharath\.m2\repository\com\google\j2objc\j2objc-annotations\2.8\j2objc-annotations-2.8.jar;C:\Users\Bharath\.m2\repository\io\opentelemetry\opentelemetry-api\1.28.0\opentelemetry-api-1.28.0.jar;C:\Users\Bharath\.m2\repository\io\opentelemetry\opentelemetry-context\1.28.0\opentelemetry-context-1.28.0.jar;C:\Users\Bharath\.m2\repository\io\opentelemetry\opentelemetry-exporter-logging\1.28.0\opentelemetry-exporter-logging-1.28.0.jar;C:\Users\Bharath\.m2\repository\io\opentelemetry\opentelemetry-sdk-metrics\1.28.0\opentelemetry-sdk-metrics-1.28.0.jar;C:\Users\Bharath\.m2\repository\io\opentelemetry\opentelemetry-extension-incubator\1.28.0-alpha\opentelemetry-extension-incubator-1.28.0-alpha.jar;C:\Users\Bharath\.m2\repository\io\opentelemetry\opentelemetry-sdk-logs\1.28.0\opentelemetry-sdk-logs-1.28.0.jar;C:\Users\Bharath\.m2\repository\io\opentelemetry\opentelemetry-sdk-common\1.28.0\opentelemetry-sdk-common-1.28.0.jar;C:\Users\Bharath\.m2\repository\io\opentelemetry\opentelemetry-sdk-extension-autoconfigure-spi\1.28.0\opentelemetry-sdk-extension-autoconfigure-spi-1.28.0.jar;C:\Users\Bharath\.m2\repository\io\opentelemetry\opentelemetry-sdk-extension-autoconfigure\1.28.0\opentelemetry-sdk-extension-autoconfigure-1.28.0.jar;C:\Users\Bharath\.m2\repository\io\opentelemetry\opentelemetry-api-events\1.28.0-alpha\opentelemetry-api-events-1.28.0-alpha.jar;C:\Users\Bharath\.m2\repository\io\opentelemetry\opentelemetry-sdk-trace\1.28.0\opentelemetry-sdk-trace-1.28.0.jar;C:\Users\Bharath\.m2\repository\io\opentelemetry\opentelemetry-sdk\1.28.0\opentelemetry-sdk-1.28.0.jar;C:\Users\Bharath\.m2\repository\io\opentelemetry\opentelemetry-semconv\1.28.0-alpha\opentelemetry-semconv-1.28.0-alpha.jar;C:\Users\Bharath\.m2\repository\net\bytebuddy\byte-buddy\1.14.5\byte-buddy-1.14.5.jar;C:\Users\Bharath\.m2\repository\org\seleniumhq\selenium\selenium-os\4.16.1\selenium-os-4.16.1.jar;C:\Users\Bharath\.m2\repository\org\apache\commons\commons-exec\1.3\commons-exec-1.3.jar;C:\Users\Bharath\.m2\repository\org\seleniumhq\selenium\selenium-safari-driver\4.16.1\selenium-safari-driver-4.16.1.jar;C:\Users\Bharath\.m2\repository\org\seleniumhq\selenium\selenium-support\4.16.1\selenium-support-4.16.1.jar;C:\Users\Bharath\.m2\repository\org\testng\testng\7.7.1\testng-7.7.1.jar;C:\Users\Bharath\.m2\repository\com\beust\jcommander\1.82\jcommander-1.82.jar;C:\Users\Bharath\.m2\repository\org\webjars\jquery\3.6.1\jquery-3.6.1.jar;C:\Users\Bharath\.m2\repository\io\github\bonigarcia\webdrivermanager\5.6.2\webdrivermanager-5.6.2.jar;C:\Users\Bharath\.m2\repository\com\google\code\gson\gson\2.10.1\gson-2.10.1.jar;C:\Users\Bharath\.m2\repository\com\github\docker-java\docker-java\3.3.4\docker-java-3.3.4.jar;C:\Users\Bharath\.m2\repository\com\github\docker-java\docker-java-core\3.3.4\docker-java-core-3.3.4.jar;C:\Users\Bharath\.m2\repository\com\github\docker-java\docker-java-api\3.3.4\docker-java-api-3.3.4.jar;C:\Users\Bharath\.m2\repository\org\bouncycastle\bcpkix-jdk18on\1.76\bcpkix-jdk18on-1.76.jar;C:\Users\Bharath\.m2\repository\org\bouncycastle\bcprov-jdk18on\1.76\bcprov-jdk18on-1.76.jar;C:\Users\Bharath\.m2\repository\org\bouncycastle\bcutil-jdk18on\1.76\bcutil-jdk18on-1.76.jar;C:\Users\Bharath\.m2\repository\org\slf4j\jcl-over-slf4j\1.7.30\jcl-over-slf4j-1.7.30.jar;C:\Users\Bharath\.m2\repository\com\github\docker-java\docker-java-transport-httpclient5\3.3.4\docker-java-transport-httpclient5-3.3.4.jar;C:\Users\Bharath\.m2\repository\com\github\docker-java\docker-java-transport\3.3.4\docker-java-transport-3.3.4.jar;C:\Users\Bharath\.m2\repository\net\java\dev\jna\jna\5.13.0\jna-5.13.0.jar;C:\Users\Bharath\.m2\repository\org\brotli\dec\0.1.2\dec-0.1.2.jar;C:\Users\Bharath\.m2\repository\org\apache\commons\commons-lang3\3.13.0\commons-lang3-3.13.0.jar;C:\Users\Bharath\.m2\repository\org\apache\commons\commons-compress\1.24.0\commons-compress-1.24.0.jar;C:\Users\Bharath\.m2\repository\org\apache\httpcomponents\client5\httpclient5\5.2.1\httpclient5-5.2.1.jar;C:\Users\Bharath\.m2\repository\org\apache\httpcomponents\core5\httpcore5\5.2\httpcore5-5.2.jar;C:\Users\Bharath\.m2\repository\org\apache\httpcomponents\core5\httpcore5-h2\5.2\httpcore5-h2-5.2.jar;C:\Users\Bharath\.m2\repository\org\slf4j\slf4j-api\2.0.11\slf4j-api-2.0.11.jar;C:\Users\Bharath\.m2\repository\ch\qos\logback\logback-classic\1.4.14\logback-classic-1.4.14.jar;C:\Users\Bharath\.m2\repository\ch\qos\logback\logback-core\1.4.14\logback-core-1.4.14.jar;C:\Users\Bharath\.m2\repository\com\fasterxml\jackson\core\jackson-databind\2.16.0\jackson-databind-2.16.0.jar;C:\Users\Bharath\.m2\repository\com\fasterxml\jackson\core\jackson-annotations\2.16.0\jackson-annotations-2.16.0.jar;C:\Users\Bharath\.m2\repository\com\fasterxml\jackson\core\jackson-core\2.16.0\jackson-core-2.16.0.jar;C:\Users\Bharath\.m2\repository\com\aventstack\extentreports\5.1.0\extentreports-5.1.0.jar;C:\Users\Bharath\.m2\repository\io\reactivex\rxjava3\rxjava\3.1.6\rxjava-3.1.6.jar;C:\Users\Bharath\.m2\repository\org\reactivestreams\reactive-streams\1.0.4\reactive-streams-1.0.4.jar;C:\Users\Bharath\.m2\repository\org\freemarker\freemarker\2.3.32\freemarker-2.3.32.jar;C:\Users\Bharath\.m2\repository\org\projectlombok\lombok\1.18.26\lombok-1.18.26.jar;C:\Users\Bharath\.m2\repository\io\cucumber\cucumber-java\7.15.0\cucumber-java-7.15.0.jar;C:\Users\Bharath\.m2\repository\io\cucumber\cucumber-core\7.15.0\cucumber-core-7.15.0.jar;C:\Users\Bharath\.m2\repository\io\cucumber\cucumber-gherkin\7.15.0\cucumber-gherkin-7.15.0.jar;C:\Users\Bharath\.m2\repository\io\cucumber\cucumber-gherkin-messages\7.15.0\cucumber-gherkin-messages-7.15.0.jar;C:\Users\Bharath\.m2\repository\io\cucumber\gherkin\26.2.0\gherkin-26.2.0.jar;C:\Users\Bharath\.m2\repository\io\cucumber\messages\22.0.0\messages-22.0.0.jar;C:\Users\Bharath\.m2\repository\io\cucumber\tag-expressions\6.0.0\tag-expressions-6.0.0.jar;C:\Users\Bharath\.m2\repository\io\cucumber\cucumber-expressions\17.0.1\cucumber-expressions-17.0.1.jar;C:\Users\Bharath\.m2\repository\io\cucumber\datatable\7.15.0\datatable-7.15.0.jar;C:\Users\Bharath\.m2\repository\io\cucumber\cucumber-plugin\7.15.0\cucumber-plugin-7.15.0.jar;C:\Users\Bharath\.m2\repository\io\cucumber\docstring\7.15.0\docstring-7.15.0.jar;C:\Users\Bharath\.m2\repository\io\cucumber\html-formatter\20.4.0\html-formatter-20.4.0.jar;C:\Users\Bharath\.m2\repository\io\cucumber\junit-xml-formatter\0.2.0\junit-xml-formatter-0.2.0.jar;C:\Users\Bharath\.m2\repository\io\cucumber\ci-environment\10.0.0\ci-environment-10.0.0.jar;C:\Users\Bharath\.m2\repository\org\apiguardian\apiguardian-api\1.1.2\apiguardian-api-1.1.2.jar;C:\Users\Bharath\.m2\repository\io\cucumber\cucumber-testng\7.15.0\cucumber-testng-7.15.0.jar;C:\Users\Bharath\.m2\repository\org\apache\poi\poi\5.2.4\poi-5.2.4.jar;C:\Users\Bharath\.m2\repository\commons-codec\commons-codec\1.16.0\commons-codec-1.16.0.jar;C:\Users\Bharath\.m2\repository\org\apache\commons\commons-collections4\4.4\commons-collections4-4.4.jar;C:\Users\Bharath\.m2\repository\org\apache\commons\commons-math3\3.6.1\commons-math3-3.6.1.jar;C:\Users\Bharath\.m2\repository\commons-io\commons-io\2.13.0\commons-io-2.13.0.jar;C:\Users\Bharath\.m2\repository\com\zaxxer\SparseBitSet\1.3\SparseBitSet-1.3.jar;C:\Users\Bharath\.m2\repository\org\apache\logging\log4j\log4j-api\2.20.0\log4j-api-2.20.0.jar;C:\Users\Bharath\.m2\repository\org\apache\poi\poi-ooxml\5.2.3\poi-ooxml-5.2.3.jar;C:\Users\Bharath\.m2\repository\org\apache\poi\poi-ooxml-lite\5.2.3\poi-ooxml-lite-5.2.3.jar;C:\Users\Bharath\.m2\repository\org\apache\xmlbeans\xmlbeans\5.1.1\xmlbeans-5.1.1.jar;C:\Users\Bharath\.m2\repository\com\github\virtuald\curvesapi\1.07\curvesapi-1.07.jar;"/>
    <property name="sun.cpu.endian" value="little"/>
    <property name="user.home" value="C:\Users\Bharath"/>
    <property name="user.language" value="en"/>
    <property name="java.specification.vendor" value="Oracle Corporation"/>
    <property name="java.version.date" value="2023-04-18"/>
    <property name="java.home" value="C:\Program Files\Java\jdk-20"/>
    <property name="file.separator" value="\"/>
    <property name="basedir" value="C:\Users\Bharath\eclipse-workspace\01-Jan-2024\Rahulshetty_01_01_2024\SeleniumFrameworkDesign"/>
    <property name="java.vm.compressedOopsMode" value="32-bit"/>
    <property name="line.separator" value="&#10;"/>
    <property name="java.vm.specification.vendor" value="Oracle Corporation"/>
    <property name="java.specification.name" value="Java Platform API Specification"/>
    <property name="surefire.real.class.path" value="C:\Users\Bharath\AppData\Local\Temp\surefire14157962870922542482\surefirebooter6583701712936371976.jar"/>
    <property name="user.script" value=""/>
    <property name="sun.management.compiler" value="HotSpot 64-Bit Tiered Compilers"/>
    <property name="java.runtime.version" value="20.0.1+9-29"/>
    <property name="user.name" value="Bharath"/>
    <property name="stdout.encoding" value="Cp1252"/>
    <property name="path.separator" value=";"/>
    <property name="os.version" value="10.0"/>
    <property name="java.runtime.name" value="Java(TM) SE Runtime Environment"/>
    <property name="file.encoding" value="UTF-8"/>
    <property name="browser" value="chrome"/>
    <property name="java.vm.name" value="Java HotSpot(TM) 64-Bit Server VM"/>
    <property name="localRepository" value="C:\Users\Bharath\.m2\repository"/>
    <property name="java.vendor.url.bug" value="https://bugreport.java.com/bugreport/"/>
    <property name="java.io.tmpdir" value="C:\Users\Bharath\AppData\Local\Temp\"/>
    <property name="java.version" value="20.0.1"/>
    <property name="user.dir" value="C:\Users\Bharath\eclipse-workspace\01-Jan-2024\Rahulshetty_01_01_2024\SeleniumFrameworkDesign"/>
    <property name="os.arch" value="amd64"/>
    <property name="java.vm.specification.name" value="Java Virtual Machine Specification"/>
    <property name="sun.os.patch.level" value=""/>
    <property name="native.encoding" value="Cp1252"/>
    <property name="java.library.path" value="C:\Program Files\Java\jdk-20\bin;C:\WINDOWS\Sun\Java\bin;C:\WINDOWS\system32;C:\WINDOWS;C:\Users\Bharath\.jenkins\tools\hudson.tasks.Maven_MavenInstallation\Apache-maven-3.9.2/bin;C:\Program Files\Java\jdk-20/bin;C:\Program Files\Java\jdk-20/bin;C:\Program Files\Common Files\Oracle\Java\javapath;C:\Windows\system32;C:\Windows;C:\Windows\System32\Wbem;C:\Windows\System32\WindowsPowerShell\v1.0\;C:\Windows\System32\OpenSSH\;C:\Program Files (x86)\NVIDIA Corporation\PhysX\Common;C:\Program Files\NVIDIA Corporation\NVIDIA NvDLISR;C:\WINDOWS\system32;C:\WINDOWS;C:\WINDOWS\System32\Wbem;C:\WINDOWS\System32\WindowsPowerShell\v1.0\;C:\WINDOWS\System32\OpenSSH\;C:\Program Files\Git\cmd;D:\Softwares\apache-maven-3.9.2-bin\apache-maven-3.9.2\bin;C:\Program Files\Java\jdk-20\bin;C:\Users\Bharath\AppData\Local\Microsoft\WindowsApps;C:\Program Files\Java\jdk-20\bin;D:\Softwares\allure-2.24.0\allure-2.24.0\bin;;C:\Users\Bharath\AppData\Local\Programs\Microsoft VS Code\bin;."/>
    <property name="java.vm.info" value="mixed mode, sharing"/>
    <property name="stderr.encoding" value="Cp1252"/>
    <property name="java.vendor" value="Oracle Corporation"/>
    <property name="java.vm.version" value="20.0.1+9-29"/>
    <property name="sun.io.unicode.encoding" value="UnicodeLittle"/>
    <property name="java.class.version" value="64.0"/>
  </properties>
  <testcase name="loginerror" classname="org.testcases.ErrorvalidationsTest" time="0.985">
    <system-out><![CDATA[23:03:59.227 [main] DEBUG org.testng.TestNG -- suiteXmlPath: "C:\Users\Bharath\eclipse-workspace\01-Jan-2024\Rahulshetty_01_01_2024\SeleniumFrameworkDesign\testSuites\testng.xml"
23:03:59.852 [TestNG-tests-2] DEBUG io.github.bonigarcia.wdm.WebDriverManager -- Using WebDriverManager 5.6.2
23:03:59.865 [TestNG-tests-1] DEBUG io.github.bonigarcia.wdm.WebDriverManager -- Using WebDriverManager 5.6.2
23:04:00.261 [TestNG-tests-1] DEBUG io.github.bonigarcia.wdm.cache.ResolutionCache -- Removing resolution chrome=114 from cache (expired on Mon Jan 22 22:55:33 IST 2024)
23:04:00.261 [TestNG-tests-2] DEBUG io.github.bonigarcia.wdm.cache.ResolutionCache -- Removing resolution chrome=114 from cache (expired on Mon Jan 22 22:55:33 IST 2024)
23:04:00.283 [TestNG-tests-2] DEBUG org.apache.hc.client5.http.impl.classic.InternalHttpClient -- ex-0000000001 preparing request execution
23:04:00.283 [TestNG-tests-1] DEBUG org.apache.hc.client5.http.impl.classic.InternalHttpClient -- ex-0000000002 preparing request execution
23:04:00.294 [TestNG-tests-1] DEBUG org.apache.hc.client5.http.impl.classic.ProtocolExec -- ex-0000000002 target auth state: UNCHALLENGED
23:04:00.294 [TestNG-tests-2] DEBUG org.apache.hc.client5.http.impl.classic.ProtocolExec -- ex-0000000001 target auth state: UNCHALLENGED
23:04:00.295 [TestNG-tests-1] DEBUG org.apache.hc.client5.http.impl.classic.ProtocolExec -- ex-0000000002 proxy auth state: UNCHALLENGED
23:04:00.295 [TestNG-tests-2] DEBUG org.apache.hc.client5.http.impl.classic.ProtocolExec -- ex-0000000001 proxy auth state: UNCHALLENGED
23:04:00.295 [TestNG-tests-2] DEBUG org.apache.hc.client5.http.impl.classic.ConnectExec -- ex-0000000001 acquiring connection with route {s}->https://raw.githubusercontent.com:443
23:04:00.295 [TestNG-tests-1] DEBUG org.apache.hc.client5.http.impl.classic.ConnectExec -- ex-0000000002 acquiring connection with route {s}->https://raw.githubusercontent.com:443
23:04:00.295 [TestNG-tests-2] DEBUG org.apache.hc.client5.http.impl.classic.InternalHttpClient -- ex-0000000001 acquiring endpoint (3 MINUTES)
23:04:00.295 [TestNG-tests-1] DEBUG org.apache.hc.client5.http.impl.classic.InternalHttpClient -- ex-0000000002 acquiring endpoint (3 MINUTES)
23:04:00.297 [TestNG-tests-2] DEBUG org.apache.hc.client5.http.impl.io.PoolingHttpClientConnectionManager -- ex-0000000001 endpoint lease request (3 MINUTES) [route: {s}->https://raw.githubusercontent.com:443][total available: 0; route allocated: 0 of 5; total allocated: 0 of 25]
23:04:00.297 [TestNG-tests-1] DEBUG org.apache.hc.client5.http.impl.io.PoolingHttpClientConnectionManager -- ex-0000000002 endpoint lease request (3 MINUTES) [route: {s}->https://raw.githubusercontent.com:443][total available: 0; route allocated: 0 of 5; total allocated: 0 of 25]
23:04:00.301 [TestNG-tests-2] DEBUG org.apache.hc.client5.http.impl.io.PoolingHttpClientConnectionManager -- ex-0000000001 endpoint leased [route: {s}->https://raw.githubusercontent.com:443][total available: 0; route allocated: 1 of 5; total allocated: 1 of 25]
23:04:00.301 [TestNG-tests-1] DEBUG org.apache.hc.client5.http.impl.io.PoolingHttpClientConnectionManager -- ex-0000000002 endpoint leased [route: {s}->https://raw.githubusercontent.com:443][total available: 0; route allocated: 1 of 5; total allocated: 1 of 25]
23:04:00.310 [TestNG-tests-1] DEBUG org.apache.hc.client5.http.impl.io.PoolingHttpClientConnectionManager -- ex-0000000002 acquired ep-0000000002
23:04:00.310 [TestNG-tests-2] DEBUG org.apache.hc.client5.http.impl.io.PoolingHttpClientConnectionManager -- ex-0000000001 acquired ep-0000000001
23:04:00.311 [TestNG-tests-1] DEBUG org.apache.hc.client5.http.impl.classic.InternalHttpClient -- ex-0000000002 acquired endpoint ep-0000000002
23:04:00.311 [TestNG-tests-2] DEBUG org.apache.hc.client5.http.impl.classic.InternalHttpClient -- ex-0000000001 acquired endpoint ep-0000000001
23:04:00.311 [TestNG-tests-1] DEBUG org.apache.hc.client5.http.impl.classic.ConnectExec -- ex-0000000002 opening connection {s}->https://raw.githubusercontent.com:443
23:04:00.311 [TestNG-tests-2] DEBUG org.apache.hc.client5.http.impl.classic.ConnectExec -- ex-0000000001 opening connection {s}->https://raw.githubusercontent.com:443
23:04:00.311 [TestNG-tests-2] DEBUG org.apache.hc.client5.http.impl.classic.InternalHttpClient -- ep-0000000001 connecting endpoint (null)
23:04:00.311 [TestNG-tests-1] DEBUG org.apache.hc.client5.http.impl.classic.InternalHttpClient -- ep-0000000002 connecting endpoint (null)
23:04:00.314 [TestNG-tests-2] DEBUG org.apache.hc.client5.http.impl.io.PoolingHttpClientConnectionManager -- ep-0000000001 connecting endpoint to https://raw.githubusercontent.com:443 (30 SECONDS)
23:04:00.314 [TestNG-tests-1] DEBUG org.apache.hc.client5.http.impl.io.PoolingHttpClientConnectionManager -- ep-0000000002 connecting endpoint to https://raw.githubusercontent.com:443 (30 SECONDS)
23:04:00.314 [TestNG-tests-2] DEBUG org.apache.hc.client5.http.impl.io.DefaultHttpClientConnectionOperator -- raw.githubusercontent.com resolving remote address
23:04:00.314 [TestNG-tests-1] DEBUG org.apache.hc.client5.http.impl.io.DefaultHttpClientConnectionOperator -- raw.githubusercontent.com resolving remote address
23:04:01.156 [TestNG-tests-2] DEBUG org.apache.hc.client5.http.impl.io.DefaultHttpClientConnectionOperator -- raw.githubusercontent.com resolved to [raw.githubusercontent.com/185.199.111.133, raw.githubusercontent.com/185.199.110.133, raw.githubusercontent.com/185.199.108.133, raw.githubusercontent.com/185.199.109.133]
23:04:01.156 [TestNG-tests-1] DEBUG org.apache.hc.client5.http.impl.io.DefaultHttpClientConnectionOperator -- raw.githubusercontent.com resolved to [raw.githubusercontent.com/185.199.111.133, raw.githubusercontent.com/185.199.110.133, raw.githubusercontent.com/185.199.108.133, raw.githubusercontent.com/185.199.109.133]
23:04:01.174 [TestNG-tests-1] DEBUG org.apache.hc.client5.http.impl.io.DefaultHttpClientConnectionOperator -- raw.githubusercontent.com:443 connecting null->raw.githubusercontent.com/185.199.111.133:443 (30 SECONDS)
23:04:01.174 [TestNG-tests-2] DEBUG org.apache.hc.client5.http.impl.io.DefaultHttpClientConnectionOperator -- raw.githubusercontent.com:443 connecting null->raw.githubusercontent.com/185.199.111.133:443 (30 SECONDS)
23:04:01.174 [TestNG-tests-1] DEBUG org.apache.hc.client5.http.ssl.SSLConnectionSocketFactory -- Connecting socket to raw.githubusercontent.com/185.199.111.133:443 with timeout 30 SECONDS
23:04:01.175 [TestNG-tests-2] DEBUG org.apache.hc.client5.http.ssl.SSLConnectionSocketFactory -- Connecting socket to raw.githubusercontent.com/185.199.111.133:443 with timeout 30 SECONDS
23:04:02.670 [TestNG-tests-2] DEBUG org.apache.hc.client5.http.ssl.SSLConnectionSocketFactory -- Enabled protocols: [TLSv1.3, TLSv1.2]
23:04:02.670 [TestNG-tests-2] DEBUG org.apache.hc.client5.http.ssl.SSLConnectionSocketFactory -- Enabled cipher suites: [TLS_AES_256_GCM_SHA384, TLS_AES_128_GCM_SHA256, TLS_CHACHA20_POLY1305_SHA256, TLS_ECDHE_ECDSA_WITH_AES_256_GCM_SHA384, TLS_ECDHE_ECDSA_WITH_AES_128_GCM_SHA256, TLS_ECDHE_ECDSA_WITH_CHACHA20_POLY1305_SHA256, TLS_ECDHE_RSA_WITH_AES_256_GCM_SHA384, TLS_ECDHE_RSA_WITH_CHACHA20_POLY1305_SHA256, TLS_ECDHE_RSA_WITH_AES_128_GCM_SHA256, TLS_DHE_RSA_WITH_AES_256_GCM_SHA384, TLS_DHE_RSA_WITH_CHACHA20_POLY1305_SHA256, TLS_DHE_DSS_WITH_AES_256_GCM_SHA384, TLS_DHE_RSA_WITH_AES_128_GCM_SHA256, TLS_DHE_DSS_WITH_AES_128_GCM_SHA256, TLS_ECDHE_ECDSA_WITH_AES_256_CBC_SHA384, TLS_ECDHE_RSA_WITH_AES_256_CBC_SHA384, TLS_ECDHE_ECDSA_WITH_AES_128_CBC_SHA256, TLS_ECDHE_RSA_WITH_AES_128_CBC_SHA256, TLS_DHE_RSA_WITH_AES_256_CBC_SHA256, TLS_DHE_DSS_WITH_AES_256_CBC_SHA256, TLS_DHE_RSA_WITH_AES_128_CBC_SHA256, TLS_DHE_DSS_WITH_AES_128_CBC_SHA256, TLS_ECDHE_ECDSA_WITH_AES_256_CBC_SHA, TLS_ECDHE_RSA_WITH_AES_256_CBC_SHA, TLS_ECDHE_ECDSA_WITH_AES_128_CBC_SHA, TLS_ECDHE_RSA_WITH_AES_128_CBC_SHA, TLS_DHE_RSA_WITH_AES_256_CBC_SHA, TLS_DHE_DSS_WITH_AES_256_CBC_SHA, TLS_DHE_RSA_WITH_AES_128_CBC_SHA, TLS_DHE_DSS_WITH_AES_128_CBC_SHA, TLS_RSA_WITH_AES_256_GCM_SHA384, TLS_RSA_WITH_AES_128_GCM_SHA256, TLS_RSA_WITH_AES_256_CBC_SHA256, TLS_RSA_WITH_AES_128_CBC_SHA256, TLS_RSA_WITH_AES_256_CBC_SHA, TLS_RSA_WITH_AES_128_CBC_SHA, TLS_EMPTY_RENEGOTIATION_INFO_SCSV]
23:04:02.670 [TestNG-tests-1] DEBUG org.apache.hc.client5.http.ssl.SSLConnectionSocketFactory -- Enabled protocols: [TLSv1.3, TLSv1.2]
23:04:02.671 [TestNG-tests-2] DEBUG org.apache.hc.client5.http.ssl.SSLConnectionSocketFactory -- Starting handshake (null)
23:04:02.671 [TestNG-tests-1] DEBUG org.apache.hc.client5.http.ssl.SSLConnectionSocketFactory -- Enabled cipher suites: [TLS_AES_256_GCM_SHA384, TLS_AES_128_GCM_SHA256, TLS_CHACHA20_POLY1305_SHA256, TLS_ECDHE_ECDSA_WITH_AES_256_GCM_SHA384, TLS_ECDHE_ECDSA_WITH_AES_128_GCM_SHA256, TLS_ECDHE_ECDSA_WITH_CHACHA20_POLY1305_SHA256, TLS_ECDHE_RSA_WITH_AES_256_GCM_SHA384, TLS_ECDHE_RSA_WITH_CHACHA20_POLY1305_SHA256, TLS_ECDHE_RSA_WITH_AES_128_GCM_SHA256, TLS_DHE_RSA_WITH_AES_256_GCM_SHA384, TLS_DHE_RSA_WITH_CHACHA20_POLY1305_SHA256, TLS_DHE_DSS_WITH_AES_256_GCM_SHA384, TLS_DHE_RSA_WITH_AES_128_GCM_SHA256, TLS_DHE_DSS_WITH_AES_128_GCM_SHA256, TLS_ECDHE_ECDSA_WITH_AES_256_CBC_SHA384, TLS_ECDHE_RSA_WITH_AES_256_CBC_SHA384, TLS_ECDHE_ECDSA_WITH_AES_128_CBC_SHA256, TLS_ECDHE_RSA_WITH_AES_128_CBC_SHA256, TLS_DHE_RSA_WITH_AES_256_CBC_SHA256, TLS_DHE_DSS_WITH_AES_256_CBC_SHA256, TLS_DHE_RSA_WITH_AES_128_CBC_SHA256, TLS_DHE_DSS_WITH_AES_128_CBC_SHA256, TLS_ECDHE_ECDSA_WITH_AES_256_CBC_SHA, TLS_ECDHE_RSA_WITH_AES_256_CBC_SHA, TLS_ECDHE_ECDSA_WITH_AES_128_CBC_SHA, TLS_ECDHE_RSA_WITH_AES_128_CBC_SHA, TLS_DHE_RSA_WITH_AES_256_CBC_SHA, TLS_DHE_DSS_WITH_AES_256_CBC_SHA, TLS_DHE_RSA_WITH_AES_128_CBC_SHA, TLS_DHE_DSS_WITH_AES_128_CBC_SHA, TLS_RSA_WITH_AES_256_GCM_SHA384, TLS_RSA_WITH_AES_128_GCM_SHA256, TLS_RSA_WITH_AES_256_CBC_SHA256, TLS_RSA_WITH_AES_128_CBC_SHA256, TLS_RSA_WITH_AES_256_CBC_SHA, TLS_RSA_WITH_AES_128_CBC_SHA, TLS_EMPTY_RENEGOTIATION_INFO_SCSV]
23:04:02.671 [TestNG-tests-1] DEBUG org.apache.hc.client5.http.ssl.SSLConnectionSocketFactory -- Starting handshake (null)
23:04:03.723 [TestNG-tests-1] DEBUG org.apache.hc.client5.http.ssl.SSLConnectionSocketFactory -- Secure session established
23:04:03.723 [TestNG-tests-2] DEBUG org.apache.hc.client5.http.ssl.SSLConnectionSocketFactory -- Secure session established
23:04:03.723 [TestNG-tests-1] DEBUG org.apache.hc.client5.http.ssl.SSLConnectionSocketFactory --  negotiated protocol: TLSv1.3
23:04:03.723 [TestNG-tests-2] DEBUG org.apache.hc.client5.http.ssl.SSLConnectionSocketFactory --  negotiated protocol: TLSv1.3
23:04:03.723 [TestNG-tests-1] DEBUG org.apache.hc.client5.http.ssl.SSLConnectionSocketFactory --  negotiated cipher suite: TLS_AES_128_GCM_SHA256
23:04:03.723 [TestNG-tests-2] DEBUG org.apache.hc.client5.http.ssl.SSLConnectionSocketFactory --  negotiated cipher suite: TLS_AES_128_GCM_SHA256
23:04:03.723 [TestNG-tests-1] DEBUG org.apache.hc.client5.http.ssl.SSLConnectionSocketFactory --  peer principal: CN=*.github.io, O="GitHub, Inc.", L=San Francisco, ST=California, C=US
23:04:03.723 [TestNG-tests-2] DEBUG org.apache.hc.client5.http.ssl.SSLConnectionSocketFactory --  peer principal: CN=*.github.io, O="GitHub, Inc.", L=San Francisco, ST=California, C=US
23:04:03.725 [TestNG-tests-1] DEBUG org.apache.hc.client5.http.ssl.SSLConnectionSocketFactory --  peer alternative names: [*.github.io, github.io, *.github.com, github.com, www.github.com, *.githubusercontent.com, githubusercontent.com]
23:04:03.725 [TestNG-tests-2] DEBUG org.apache.hc.client5.http.ssl.SSLConnectionSocketFactory --  peer alternative names: [*.github.io, github.io, *.github.com, github.com, www.github.com, *.githubusercontent.com, githubusercontent.com]
23:04:03.725 [TestNG-tests-1] DEBUG org.apache.hc.client5.http.ssl.SSLConnectionSocketFactory --  issuer principal: CN=DigiCert TLS RSA SHA256 2020 CA1, O=DigiCert Inc, C=US
23:04:03.725 [TestNG-tests-2] DEBUG org.apache.hc.client5.http.ssl.SSLConnectionSocketFactory --  issuer principal: CN=DigiCert TLS RSA SHA256 2020 CA1, O=DigiCert Inc, C=US
23:04:03.726 [TestNG-tests-2] DEBUG org.apache.hc.client5.http.impl.io.DefaultManagedHttpClientConnection -- http-outgoing-0 set socket timeout to 3 MINUTES
23:04:03.726 [TestNG-tests-1] DEBUG org.apache.hc.client5.http.impl.io.DefaultManagedHttpClientConnection -- http-outgoing-1 set socket timeout to 3 MINUTES
23:04:03.726 [TestNG-tests-2] DEBUG org.apache.hc.client5.http.impl.io.DefaultHttpClientConnectionOperator -- raw.githubusercontent.com:443 connected null->raw.githubusercontent.com/185.199.111.133:443 as http-outgoing-0
23:04:03.726 [TestNG-tests-1] DEBUG org.apache.hc.client5.http.impl.io.DefaultHttpClientConnectionOperator -- raw.githubusercontent.com:443 connected null->raw.githubusercontent.com/185.199.111.133:443 as http-outgoing-1
23:04:03.726 [TestNG-tests-1] DEBUG org.apache.hc.client5.http.impl.io.PoolingHttpClientConnectionManager -- ep-0000000002 connected http-outgoing-1
23:04:03.726 [TestNG-tests-1] DEBUG org.apache.hc.client5.http.impl.classic.InternalHttpClient -- ep-0000000002 endpoint connected
23:04:03.726 [TestNG-tests-2] DEBUG org.apache.hc.client5.http.impl.io.PoolingHttpClientConnectionManager -- ep-0000000001 connected http-outgoing-0
23:04:03.726 [TestNG-tests-2] DEBUG org.apache.hc.client5.http.impl.classic.InternalHttpClient -- ep-0000000001 endpoint connected
23:04:03.726 [TestNG-tests-1] DEBUG org.apache.hc.client5.http.impl.classic.MainClientExec -- ex-0000000002 executing GET /bonigarcia/webdrivermanager/master/src/main/resources/commands.properties HTTP/1.1
23:04:03.727 [TestNG-tests-2] DEBUG org.apache.hc.client5.http.impl.classic.MainClientExec -- ex-0000000001 executing GET /bonigarcia/webdrivermanager/master/src/main/resources/commands.properties HTTP/1.1
23:04:03.727 [TestNG-tests-1] DEBUG org.apache.hc.client5.http.protocol.RequestAddCookies -- ex-0000000002 Cookie spec selected: strict
23:04:03.727 [TestNG-tests-2] DEBUG org.apache.hc.client5.http.protocol.RequestAddCookies -- ex-0000000001 Cookie spec selected: strict
23:04:03.738 [TestNG-tests-1] DEBUG org.apache.hc.client5.http.impl.classic.InternalHttpClient -- ep-0000000002 start execution ex-0000000002
23:04:03.738 [TestNG-tests-2] DEBUG org.apache.hc.client5.http.impl.classic.InternalHttpClient -- ep-0000000001 start execution ex-0000000001
23:04:03.739 [TestNG-tests-1] DEBUG org.apache.hc.client5.http.impl.io.PoolingHttpClientConnectionManager -- ep-0000000002 executing exchange ex-0000000002 over http-outgoing-1
23:04:03.739 [TestNG-tests-2] DEBUG org.apache.hc.client5.http.impl.io.PoolingHttpClientConnectionManager -- ep-0000000001 executing exchange ex-0000000001 over http-outgoing-0
23:04:03.740 [TestNG-tests-1] DEBUG org.apache.hc.client5.http.headers -- http-outgoing-1 >> GET /bonigarcia/webdrivermanager/master/src/main/resources/commands.properties HTTP/1.1
23:04:03.740 [TestNG-tests-1] DEBUG org.apache.hc.client5.http.headers -- http-outgoing-1 >> user-agent: Apache-HttpClient/5.0
23:04:03.740 [TestNG-tests-2] DEBUG org.apache.hc.client5.http.headers -- http-outgoing-0 >> GET /bonigarcia/webdrivermanager/master/src/main/resources/commands.properties HTTP/1.1
23:04:03.740 [TestNG-tests-2] DEBUG org.apache.hc.client5.http.headers -- http-outgoing-0 >> user-agent: Apache-HttpClient/5.0
23:04:03.740 [TestNG-tests-2] DEBUG org.apache.hc.client5.http.headers -- http-outgoing-0 >> accept-encoding: gzip, deflate, br
23:04:03.740 [TestNG-tests-1] DEBUG org.apache.hc.client5.http.headers -- http-outgoing-1 >> accept-encoding: gzip, deflate, br
23:04:03.740 [TestNG-tests-2] DEBUG org.apache.hc.client5.http.headers -- http-outgoing-0 >> cache-control: max-age=0
23:04:03.740 [TestNG-tests-1] DEBUG org.apache.hc.client5.http.headers -- http-outgoing-1 >> cache-control: max-age=0
23:04:03.740 [TestNG-tests-2] DEBUG org.apache.hc.client5.http.headers -- http-outgoing-0 >> connection: keep-alive
23:04:03.740 [TestNG-tests-2] DEBUG org.apache.hc.client5.http.headers -- http-outgoing-0 >> Host: raw.githubusercontent.com
23:04:03.740 [TestNG-tests-1] DEBUG org.apache.hc.client5.http.headers -- http-outgoing-1 >> connection: keep-alive
23:04:03.740 [TestNG-tests-1] DEBUG org.apache.hc.client5.http.headers -- http-outgoing-1 >> Host: raw.githubusercontent.com
23:04:03.740 [TestNG-tests-1] DEBUG org.apache.hc.client5.http.wire -- http-outgoing-1 >> "GET /bonigarcia/webdrivermanager/master/src/main/resources/commands.properties HTTP/1.1[\r][\n]"
23:04:03.740 [TestNG-tests-2] DEBUG org.apache.hc.client5.http.wire -- http-outgoing-0 >> "GET /bonigarcia/webdrivermanager/master/src/main/resources/commands.properties HTTP/1.1[\r][\n]"
23:04:03.740 [TestNG-tests-1] DEBUG org.apache.hc.client5.http.wire -- http-outgoing-1 >> "user-agent: Apache-HttpClient/5.0[\r][\n]"
23:04:03.740 [TestNG-tests-2] DEBUG org.apache.hc.client5.http.wire -- http-outgoing-0 >> "user-agent: Apache-HttpClient/5.0[\r][\n]"
23:04:03.740 [TestNG-tests-1] DEBUG org.apache.hc.client5.http.wire -- http-outgoing-1 >> "accept-encoding: gzip, deflate, br[\r][\n]"
23:04:03.740 [TestNG-tests-2] DEBUG org.apache.hc.client5.http.wire -- http-outgoing-0 >> "accept-encoding: gzip, deflate, br[\r][\n]"
23:04:03.740 [TestNG-tests-1] DEBUG org.apache.hc.client5.http.wire -- http-outgoing-1 >> "cache-control: max-age=0[\r][\n]"
23:04:03.740 [TestNG-tests-2] DEBUG org.apache.hc.client5.http.wire -- http-outgoing-0 >> "cache-control: max-age=0[\r][\n]"
23:04:03.740 [TestNG-tests-1] DEBUG org.apache.hc.client5.http.wire -- http-outgoing-1 >> "connection: keep-alive[\r][\n]"
23:04:03.740 [TestNG-tests-2] DEBUG org.apache.hc.client5.http.wire -- http-outgoing-0 >> "connection: keep-alive[\r][\n]"
23:04:03.740 [TestNG-tests-1] DEBUG org.apache.hc.client5.http.wire -- http-outgoing-1 >> "Host: raw.githubusercontent.com[\r][\n]"
23:04:03.740 [TestNG-tests-2] DEBUG org.apache.hc.client5.http.wire -- http-outgoing-0 >> "Host: raw.githubusercontent.com[\r][\n]"
23:04:03.741 [TestNG-tests-1] DEBUG org.apache.hc.client5.http.wire -- http-outgoing-1 >> "[\r][\n]"
23:04:03.741 [TestNG-tests-2] DEBUG org.apache.hc.client5.http.wire -- http-outgoing-0 >> "[\r][\n]"
23:04:04.405 [TestNG-tests-2] DEBUG org.apache.hc.client5.http.wire -- http-outgoing-0 << "HTTP/1.1 200 OK[\r][\n]"
23:04:04.406 [TestNG-tests-1] DEBUG org.apache.hc.client5.http.wire -- http-outgoing-1 << "HTTP/1.1 200 OK[\r][\n]"
23:04:04.406 [TestNG-tests-2] DEBUG org.apache.hc.client5.http.wire -- http-outgoing-0 << "Connection: keep-alive[\r][\n]"
23:04:04.406 [TestNG-tests-1] DEBUG org.apache.hc.client5.http.wire -- http-outgoing-1 << "Connection: keep-alive[\r][\n]"
23:04:04.406 [TestNG-tests-2] DEBUG org.apache.hc.client5.http.wire -- http-outgoing-0 << "Content-Length: 723[\r][\n]"
23:04:04.406 [TestNG-tests-1] DEBUG org.apache.hc.client5.http.wire -- http-outgoing-1 << "Content-Length: 723[\r][\n]"
23:04:04.407 [TestNG-tests-2] DEBUG org.apache.hc.client5.http.wire -- http-outgoing-0 << "Cache-Control: max-age=300[\r][\n]"
23:04:04.407 [TestNG-tests-1] DEBUG org.apache.hc.client5.http.wire -- http-outgoing-1 << "Cache-Control: max-age=300[\r][\n]"
23:04:04.407 [TestNG-tests-2] DEBUG org.apache.hc.client5.http.wire -- http-outgoing-0 << "Content-Security-Policy: default-src 'none'; style-src 'unsafe-inline'; sandbox[\r][\n]"
23:04:04.407 [TestNG-tests-1] DEBUG org.apache.hc.client5.http.wire -- http-outgoing-1 << "Content-Security-Policy: default-src 'none'; style-src 'unsafe-inline'; sandbox[\r][\n]"
23:04:04.408 [TestNG-tests-2] DEBUG org.apache.hc.client5.http.wire -- http-outgoing-0 << "Content-Type: text/plain; charset=utf-8[\r][\n]"
23:04:04.408 [TestNG-tests-1] DEBUG org.apache.hc.client5.http.wire -- http-outgoing-1 << "Content-Type: text/plain; charset=utf-8[\r][\n]"
23:04:04.408 [TestNG-tests-2] DEBUG org.apache.hc.client5.http.wire -- http-outgoing-0 << "ETag: W/"e82b438271e9e8680c688b0b680efd0bdd22faa6d6f0a32fc1fd8accc486b67e"[\r][\n]"
23:04:04.408 [TestNG-tests-1] DEBUG org.apache.hc.client5.http.wire -- http-outgoing-1 << "ETag: W/"e82b438271e9e8680c688b0b680efd0bdd22faa6d6f0a32fc1fd8accc486b67e"[\r][\n]"
23:04:04.408 [TestNG-tests-2] DEBUG org.apache.hc.client5.http.wire -- http-outgoing-0 << "Strict-Transport-Security: max-age=31536000[\r][\n]"
23:04:04.409 [TestNG-tests-1] DEBUG org.apache.hc.client5.http.wire -- http-outgoing-1 << "Strict-Transport-Security: max-age=31536000[\r][\n]"
23:04:04.409 [TestNG-tests-2] DEBUG org.apache.hc.client5.http.wire -- http-outgoing-0 << "X-Content-Type-Options: nosniff[\r][\n]"
23:04:04.409 [TestNG-tests-1] DEBUG org.apache.hc.client5.http.wire -- http-outgoing-1 << "X-Content-Type-Options: nosniff[\r][\n]"
23:04:04.409 [TestNG-tests-2] DEBUG org.apache.hc.client5.http.wire -- http-outgoing-0 << "X-Frame-Options: deny[\r][\n]"
23:04:04.409 [TestNG-tests-1] DEBUG org.apache.hc.client5.http.wire -- http-outgoing-1 << "X-Frame-Options: deny[\r][\n]"
23:04:04.410 [TestNG-tests-2] DEBUG org.apache.hc.client5.http.wire -- http-outgoing-0 << "X-XSS-Protection: 1; mode=block[\r][\n]"
23:04:04.410 [TestNG-tests-2] DEBUG org.apache.hc.client5.http.wire -- http-outgoing-0 << "X-GitHub-Request-Id: 88C0:07BE:230330:2B23D2:658D650B[\r][\n]"
23:04:04.411 [TestNG-tests-2] DEBUG org.apache.hc.client5.http.wire -- http-outgoing-0 << "Content-Encoding: gzip[\r][\n]"
23:04:04.410 [TestNG-tests-1] DEBUG org.apache.hc.client5.http.wire -- http-outgoing-1 << "X-XSS-Protection: 1; mode=block[\r][\n]"
23:04:04.411 [TestNG-tests-2] DEBUG org.apache.hc.client5.http.wire -- http-outgoing-0 << "Accept-Ranges: bytes[\r][\n]"
23:04:04.411 [TestNG-tests-1] DEBUG org.apache.hc.client5.http.wire -- http-outgoing-1 << "X-GitHub-Request-Id: 88C0:07BE:230330:2B23D2:658D650B[\r][\n]"
23:04:04.412 [TestNG-tests-2] DEBUG org.apache.hc.client5.http.wire -- http-outgoing-0 << "Date: Mon, 22 Jan 2024 17:34:03 GMT[\r][\n]"
23:04:04.412 [TestNG-tests-1] DEBUG org.apache.hc.client5.http.wire -- http-outgoing-1 << "Content-Encoding: gzip[\r][\n]"
23:04:04.412 [TestNG-tests-2] DEBUG org.apache.hc.client5.http.wire -- http-outgoing-0 << "Via: 1.1 varnish[\r][\n]"
23:04:04.412 [TestNG-tests-1] DEBUG org.apache.hc.client5.http.wire -- http-outgoing-1 << "Accept-Ranges: bytes[\r][\n]"
23:04:04.413 [TestNG-tests-2] DEBUG org.apache.hc.client5.http.wire -- http-outgoing-0 << "X-Served-By: cache-maa10251-MAA[\r][\n]"
23:04:04.413 [TestNG-tests-1] DEBUG org.apache.hc.client5.http.wire -- http-outgoing-1 << "Date: Mon, 22 Jan 2024 17:34:03 GMT[\r][\n]"
23:04:04.413 [TestNG-tests-2] DEBUG org.apache.hc.client5.http.wire -- http-outgoing-0 << "X-Cache: HIT[\r][\n]"
23:04:04.413 [TestNG-tests-1] DEBUG org.apache.hc.client5.http.wire -- http-outgoing-1 << "Via: 1.1 varnish[\r][\n]"
23:04:04.414 [TestNG-tests-1] DEBUG org.apache.hc.client5.http.wire -- http-outgoing-1 << "X-Served-By: cache-maa10241-MAA[\r][\n]"
23:04:04.414 [TestNG-tests-2] DEBUG org.apache.hc.client5.http.wire -- http-outgoing-0 << "X-Cache-Hits: 1[\r][\n]"
23:04:04.414 [TestNG-tests-1] DEBUG org.apache.hc.client5.http.wire -- http-outgoing-1 << "X-Cache: HIT[\r][\n]"
23:04:04.414 [TestNG-tests-2] DEBUG org.apache.hc.client5.http.wire -- http-outgoing-0 << "X-Timer: S1705944844.610444,VS0,VE1[\r][\n]"
23:04:04.415 [TestNG-tests-1] DEBUG org.apache.hc.client5.http.wire -- http-outgoing-1 << "X-Cache-Hits: 3[\r][\n]"
23:04:04.415 [TestNG-tests-2] DEBUG org.apache.hc.client5.http.wire -- http-outgoing-0 << "Vary: Authorization,Accept-Encoding,Origin[\r][\n]"
23:04:04.415 [TestNG-tests-1] DEBUG org.apache.hc.client5.http.wire -- http-outgoing-1 << "X-Timer: S1705944843.468972,VS0,VE0[\r][\n]"
23:04:04.415 [TestNG-tests-2] DEBUG org.apache.hc.client5.http.wire -- http-outgoing-0 << "Access-Control-Allow-Origin: *[\r][\n]"
23:04:04.415 [TestNG-tests-1] DEBUG org.apache.hc.client5.http.wire -- http-outgoing-1 << "Vary: Authorization,Accept-Encoding,Origin[\r][\n]"
23:04:04.416 [TestNG-tests-2] DEBUG org.apache.hc.client5.http.wire -- http-outgoing-0 << "Cross-Origin-Resource-Policy: cross-origin[\r][\n]"
23:04:04.416 [TestNG-tests-1] DEBUG org.apache.hc.client5.http.wire -- http-outgoing-1 << "Access-Control-Allow-Origin: *[\r][\n]"
23:04:04.416 [TestNG-tests-2] DEBUG org.apache.hc.client5.http.wire -- http-outgoing-0 << "X-Fastly-Request-ID: 22e7106cd855d91994a08954bbfe7c39f7cb27de[\r][\n]"
23:04:04.416 [TestNG-tests-1] DEBUG org.apache.hc.client5.http.wire -- http-outgoing-1 << "Cross-Origin-Resource-Policy: cross-origin[\r][\n]"
23:04:04.416 [TestNG-tests-2] DEBUG org.apache.hc.client5.http.wire -- http-outgoing-0 << "Expires: Mon, 22 Jan 2024 17:39:03 GMT[\r][\n]"
23:04:04.417 [TestNG-tests-1] DEBUG org.apache.hc.client5.http.wire -- http-outgoing-1 << "X-Fastly-Request-ID: c4eb82b5672d363e0dc0cfeb7fa1fc61d6a01885[\r][\n]"
23:04:04.417 [TestNG-tests-2] DEBUG org.apache.hc.client5.http.wire -- http-outgoing-0 << "Source-Age: 157[\r][\n]"
23:04:04.417 [TestNG-tests-1] DEBUG org.apache.hc.client5.http.wire -- http-outgoing-1 << "Expires: Mon, 22 Jan 2024 17:39:03 GMT[\r][\n]"
23:04:04.417 [TestNG-tests-2] DEBUG org.apache.hc.client5.http.wire -- http-outgoing-0 << "[\r][\n]"
23:04:04.418 [TestNG-tests-1] DEBUG org.apache.hc.client5.http.wire -- http-outgoing-1 << "Source-Age: 157[\r][\n]"
23:04:04.418 [TestNG-tests-1] DEBUG org.apache.hc.client5.http.wire -- http-outgoing-1 << "[\r][\n]"
23:04:04.431 [TestNG-tests-2] DEBUG org.apache.hc.client5.http.headers -- http-outgoing-0 << HTTP/1.1 200 OK
23:04:04.431 [TestNG-tests-1] DEBUG org.apache.hc.client5.http.headers -- http-outgoing-1 << HTTP/1.1 200 OK
23:04:04.431 [TestNG-tests-2] DEBUG org.apache.hc.client5.http.headers -- http-outgoing-0 << Connection: keep-alive
23:04:04.431 [TestNG-tests-1] DEBUG org.apache.hc.client5.http.headers -- http-outgoing-1 << Connection: keep-alive
23:04:04.432 [TestNG-tests-2] DEBUG org.apache.hc.client5.http.headers -- http-outgoing-0 << Content-Length: 723
23:04:04.432 [TestNG-tests-1] DEBUG org.apache.hc.client5.http.headers -- http-outgoing-1 << Content-Length: 723
23:04:04.432 [TestNG-tests-2] DEBUG org.apache.hc.client5.http.headers -- http-outgoing-0 << Cache-Control: max-age=300
23:04:04.432 [TestNG-tests-1] DEBUG org.apache.hc.client5.http.headers -- http-outgoing-1 << Cache-Control: max-age=300
23:04:04.432 [TestNG-tests-2] DEBUG org.apache.hc.client5.http.headers -- http-outgoing-0 << Content-Security-Policy: default-src 'none'; style-src 'unsafe-inline'; sandbox
23:04:04.432 [TestNG-tests-1] DEBUG org.apache.hc.client5.http.headers -- http-outgoing-1 << Content-Security-Policy: default-src 'none'; style-src 'unsafe-inline'; sandbox
23:04:04.432 [TestNG-tests-2] DEBUG org.apache.hc.client5.http.headers -- http-outgoing-0 << Content-Type: text/plain; charset=utf-8
23:04:04.433 [TestNG-tests-1] DEBUG org.apache.hc.client5.http.headers -- http-outgoing-1 << Content-Type: text/plain; charset=utf-8
23:04:04.433 [TestNG-tests-2] DEBUG org.apache.hc.client5.http.headers -- http-outgoing-0 << ETag: W/"e82b438271e9e8680c688b0b680efd0bdd22faa6d6f0a32fc1fd8accc486b67e"
23:04:04.433 [TestNG-tests-1] DEBUG org.apache.hc.client5.http.headers -- http-outgoing-1 << ETag: W/"e82b438271e9e8680c688b0b680efd0bdd22faa6d6f0a32fc1fd8accc486b67e"
23:04:04.433 [TestNG-tests-2] DEBUG org.apache.hc.client5.http.headers -- http-outgoing-0 << Strict-Transport-Security: max-age=31536000
23:04:04.433 [TestNG-tests-1] DEBUG org.apache.hc.client5.http.headers -- http-outgoing-1 << Strict-Transport-Security: max-age=31536000
23:04:04.433 [TestNG-tests-2] DEBUG org.apache.hc.client5.http.headers -- http-outgoing-0 << X-Content-Type-Options: nosniff
23:04:04.433 [TestNG-tests-2] DEBUG org.apache.hc.client5.http.headers -- http-outgoing-0 << X-Frame-Options: deny
23:04:04.433 [TestNG-tests-1] DEBUG org.apache.hc.client5.http.headers -- http-outgoing-1 << X-Content-Type-Options: nosniff
23:04:04.434 [TestNG-tests-1] DEBUG org.apache.hc.client5.http.headers -- http-outgoing-1 << X-Frame-Options: deny
23:04:04.434 [TestNG-tests-2] DEBUG org.apache.hc.client5.http.headers -- http-outgoing-0 << X-XSS-Protection: 1; mode=block
23:04:04.434 [TestNG-tests-1] DEBUG org.apache.hc.client5.http.headers -- http-outgoing-1 << X-XSS-Protection: 1; mode=block
23:04:04.434 [TestNG-tests-1] DEBUG org.apache.hc.client5.http.headers -- http-outgoing-1 << X-GitHub-Request-Id: 88C0:07BE:230330:2B23D2:658D650B
23:04:04.434 [TestNG-tests-1] DEBUG org.apache.hc.client5.http.headers -- http-outgoing-1 << Content-Encoding: gzip
23:04:04.434 [TestNG-tests-2] DEBUG org.apache.hc.client5.http.headers -- http-outgoing-0 << X-GitHub-Request-Id: 88C0:07BE:230330:2B23D2:658D650B
23:04:04.434 [TestNG-tests-2] DEBUG org.apache.hc.client5.http.headers -- http-outgoing-0 << Content-Encoding: gzip
23:04:04.435 [TestNG-tests-2] DEBUG org.apache.hc.client5.http.headers -- http-outgoing-0 << Accept-Ranges: bytes
23:04:04.435 [TestNG-tests-2] DEBUG org.apache.hc.client5.http.headers -- http-outgoing-0 << Date: Mon, 22 Jan 2024 17:34:03 GMT
23:04:04.434 [TestNG-tests-1] DEBUG org.apache.hc.client5.http.headers -- http-outgoing-1 << Accept-Ranges: bytes
23:04:04.435 [TestNG-tests-1] DEBUG org.apache.hc.client5.http.headers -- http-outgoing-1 << Date: Mon, 22 Jan 2024 17:34:03 GMT
23:04:04.435 [TestNG-tests-1] DEBUG org.apache.hc.client5.http.headers -- http-outgoing-1 << Via: 1.1 varnish
23:04:04.435 [TestNG-tests-1] DEBUG org.apache.hc.client5.http.headers -- http-outgoing-1 << X-Served-By: cache-maa10241-MAA
23:04:04.435 [TestNG-tests-2] DEBUG org.apache.hc.client5.http.headers -- http-outgoing-0 << Via: 1.1 varnish
23:04:04.435 [TestNG-tests-2] DEBUG org.apache.hc.client5.http.headers -- http-outgoing-0 << X-Served-By: cache-maa10251-MAA
23:04:04.435 [TestNG-tests-1] DEBUG org.apache.hc.client5.http.headers -- http-outgoing-1 << X-Cache: HIT
23:04:04.436 [TestNG-tests-1] DEBUG org.apache.hc.client5.http.headers -- http-outgoing-1 << X-Cache-Hits: 3
23:04:04.436 [TestNG-tests-1] DEBUG org.apache.hc.client5.http.headers -- http-outgoing-1 << X-Timer: S1705944843.468972,VS0,VE0
23:04:04.436 [TestNG-tests-2] DEBUG org.apache.hc.client5.http.headers -- http-outgoing-0 << X-Cache: HIT
23:04:04.436 [TestNG-tests-1] DEBUG org.apache.hc.client5.http.headers -- http-outgoing-1 << Vary: Authorization,Accept-Encoding,Origin
23:04:04.436 [TestNG-tests-2] DEBUG org.apache.hc.client5.http.headers -- http-outgoing-0 << X-Cache-Hits: 1
23:04:04.436 [TestNG-tests-1] DEBUG org.apache.hc.client5.http.headers -- http-outgoing-1 << Access-Control-Allow-Origin: *
23:04:04.436 [TestNG-tests-2] DEBUG org.apache.hc.client5.http.headers -- http-outgoing-0 << X-Timer: S1705944844.610444,VS0,VE1
23:04:04.436 [TestNG-tests-2] DEBUG org.apache.hc.client5.http.headers -- http-outgoing-0 << Vary: Authorization,Accept-Encoding,Origin
23:04:04.436 [TestNG-tests-1] DEBUG org.apache.hc.client5.http.headers -- http-outgoing-1 << Cross-Origin-Resource-Policy: cross-origin
23:04:04.437 [TestNG-tests-2] DEBUG org.apache.hc.client5.http.headers -- http-outgoing-0 << Access-Control-Allow-Origin: *
23:04:04.437 [TestNG-tests-1] DEBUG org.apache.hc.client5.http.headers -- http-outgoing-1 << X-Fastly-Request-ID: c4eb82b5672d363e0dc0cfeb7fa1fc61d6a01885
23:04:04.437 [TestNG-tests-2] DEBUG org.apache.hc.client5.http.headers -- http-outgoing-0 << Cross-Origin-Resource-Policy: cross-origin
23:04:04.437 [TestNG-tests-2] DEBUG org.apache.hc.client5.http.headers -- http-outgoing-0 << X-Fastly-Request-ID: 22e7106cd855d91994a08954bbfe7c39f7cb27de
23:04:04.437 [TestNG-tests-2] DEBUG org.apache.hc.client5.http.headers -- http-outgoing-0 << Expires: Mon, 22 Jan 2024 17:39:03 GMT
23:04:04.437 [TestNG-tests-1] DEBUG org.apache.hc.client5.http.headers -- http-outgoing-1 << Expires: Mon, 22 Jan 2024 17:39:03 GMT
23:04:04.437 [TestNG-tests-2] DEBUG org.apache.hc.client5.http.headers -- http-outgoing-0 << Source-Age: 157
23:04:04.438 [TestNG-tests-1] DEBUG org.apache.hc.client5.http.headers -- http-outgoing-1 << Source-Age: 157
23:04:04.447 [TestNG-tests-2] DEBUG org.apache.hc.client5.http.impl.classic.MainClientExec -- ex-0000000001 connection can be kept alive for 3 MINUTES
23:04:04.447 [TestNG-tests-1] DEBUG org.apache.hc.client5.http.impl.classic.MainClientExec -- ex-0000000002 connection can be kept alive for 3 MINUTES
23:04:04.471 [TestNG-tests-2] DEBUG org.apache.hc.client5.http.wire -- http-outgoing-0 << "[0x1f][0xffffff8b][0x8][0x0][0x0][0x0][0x0][0x0][0x0][0x3][0xffffffb5]V]o[0xffffffda]0[0x14]}[0xffffffe7]W\[0xffffff81]*[0xffffffb5][0x12][0x1f][[M[0xffffffd3]$[0x1e]hF[0xffffffbb]i [0x18][0xffffffb4][0xffffffdd]&[0xfffffff9][0xffffffc5]$7[0xffffffc1]R[0x12]#;[0xffffff94]v[0xffffffbf]~[0xffffffb6][0xfffffff3]1[0xffffff92][0xffffff9a][0xffffffc1][0x1a]x[0xffffffcb][0xffffffb5][0xffffffaf][0xffffffcf]9[0xffffffbe][0xfffffff7]8v[0xb][0x1c][0x1e]E4[0xfffffff6]$x4[0xffffffa1][0xb]*[0xffffffb1][0xffffffd1][0xffffff82][0xfffffffb]%[0xffffff93][0xffffffe0][0xffffffb3][0x10][0xffffffc1][0xffffffe5]qBY,!Y[0xffffffea] KM8,[0x10][0xfffffff0][0x19][0xffffffdd]u[0xffffff82][0x1e][0xffffffb0][0xffffffd8]L[0xffffffcb]%[0xffffff86][0xffffffa1][0xe][0xffffffb8][0xfffffff0]P[0xffffffe8]$[0xf][0x13]t[0x13]3[0xfffffff9][0xffffff84]B2[0xffffffae][0xffffffe6]|@[0xfffffff5][0x1d][0x8][0xffffffc4][0x18][0x16][0xffffff82]o[0xffffffa4][0xffffff9a]P[0xffffff94][0xffffffe7][0xffffffce]R[0xfffffff0][0x8][0xffffffdb]p[0xffffffcb][0x4][0xfffffffa][0xfffffffc][0xffffffb9][\r][0xffffff93][0x15][\n]"
23:04:04.471 [TestNG-tests-2] DEBUG org.apache.hc.client5.http.wire -- http-outgoing-0 << "[0xffffffda][0xffffff86][0xffffffa1][0x17][0xffffffa8]Q3[0xffffffcb][0xffffffd6][0xffffffd1][0xffffff85][0xffffffc6][0xfffffff7][0xffffff98][0xffffffef][0xffffffa3][0xffffffc0]8[0x1][0xffffffae]s[0x12][0x16][0x7] _d[0xffffff82][0xffffff91][0xffffff84][0xfffffff3][0x1f],[0xfffffff6][0x14]j[0x1b]F,^+[0xffffff98]1ua2[0xffffffbf]h([0xffffff8e][0xffffff94][0xffffffa2][0xffffff91]m[0xffffffa3][0xffffffeb][0xffffff9a][0xffffffb0][0xffffffbb]I[0x17]t[0xffffffdf][0xffffffbd][0xffffffef][0xffffffbb][0xffffff91][0xffffffd7]U[0xffffffbb][0xffffff82][0xffffff9e][0x3][0xffffff9b][0xffffff88][0xffffffb9][0xffffffa6]$[0xffffffa6][0xc][0xffffff9b][0xffffffa5][0xffffffe2][0xffffff83][0xffffff98]F[0xffffffd8]o[0xffffff9e]Mg[0xffffff93][0xffffffbb][0xffffffd9]`|[0xfffffffb]u4[0xffffff9c][0x7f]"}B[0xffffffce][0x8][0xffffffb9][0xffffffe3]<[0x8][0xffffff91][0xffffff90][0xffffff94][0xffffff82][0xffffff90][0xffffffc1]j[0x15]2WI[0xffffffe3]1![0x19][0xffffff91]BnB[0xffffff80][0x9]<f[0xffffffb5][0xffffffe8]=[0xffffffd1]p[0xffffffbd][[0xffffffcf][0xffffffe5][0x1b][0xfffffff4][0xffffff9c][0xffffffff][0xfffffffc][0xfffffff8][0xffffffe1][0xffffffe2][0xffffff94][0xffffffa2][0xffffffae][0xe][0x14]5[0xffffff9a]8[0xffffff83][0xffffffd1]`:[0xfffffffd]<[0xffffffb8][0x1f][0xffffff9c]R[0xffffffcf]u[0x7f]6[0xffffffbc][0xffffff83][0xffffffef][0xf][0xffffffc3][0xffffffd9]/[0xfffffff8][0xfffffff2][0xffffffcd]y s[0xffffffee]'[0x1b]*0g[0xffffffcb][0xffffffc8]nF7H][0xffffff83][0xffffff97]{[0xffffffb1]Q[0x5][\r][0xffffffb5]c[0xffffffb4][0xf][0x2][0xffffffb3][0xffffffb4][0xffffff93][0xe]C[0xffffffa7][0xffffffb3]kAD][0xffffff9d][0xffffffde][0xffffffdb][0xffffffda][0xffffff88][0xffffffec][0xffffffa5][0xffffffbc][0xffffff99][0xffffffd9][0xffffffba]t[0xffffffb5][0xffffffea]9[0xffffffea][0x10])[0xffffffb7][0xffffffca][0xffffff9e][0xfffffff2][0xffffffe2]d^N[0xffffffd8]FW[0x16][0xffffffcd][0xffffffdc]_[0x10][0xfffffff9]i|[0x1c][0xffffff93][0xffffff8e][0xfffffff9]o[0x16][0xffffff86]4'!$G[0xffffffdf]W[0xfffffff4]W*j[[0xfffffff3]xR[0xffffffae][0xffffffb6][0xc][0xffffffd0],; #[0xffffffa9][0xffffff92]5[0xffffffb5][0x7][0xffffff9c][0xffffffb5][0xffffffd0][0x7f][0xffffff90][0xffffffc7]jgs[0xfffffffc][0xffffffc2][0xb][0xffffffd9][0x0]t[0xffffff9e]^'Y[0xfffffffb][0xffffff9f][0xffffffb1][0xffffffd8]:[0xffffffbf][0xffffff8d][0xffffffa5][0xffffff9a][0xffffffad][0x7f]m[0x5]&[0xffffffaa][0xffffffa0]^[0xffffff9b][0xffffffcb][0x5]f[0xffffffae][0xffffffe0]RU[0xffffff82][0x10]MS9l[0xffffff91]4t[0xfffffffb][0xffffff8a]][0xffffffd6][0xfffffff4][0xffffff96][0xffffffa6][0xffffff9f]P[0xffffffce][0xffffffd5][0xffffffce][0xffffff93][0xffffffff][0xffffff97][0xffffffcc]p[0xfffffffd][0xfffffff3][0xffffffe8][0x1b][0xffffffcc][0xffffffa2][0xffffffd9]Q[0xffffffbe][0xffffffb2][0xffffffa3][0xffffffc7]m'[0xffffffdf][0xffffffe4][[0xfffffffb]^[0xffffffb0][0xffffff9a][0xffffffbe][0xffffffda][0xffffffda]_[0xffffffce][0xffffff80][0xffffffd2][0xffffffc1]7[0xffffffb7]][0xffffffc1]b[0xffffffee][0xffffffb5][0xffffffff]w[0xffffff83][0xffffffed][0xffffffa7];[0x15]<[0x10]4[0xffffff92][0xffffff84][0x18][\n]"
23:04:04.471 [TestNG-tests-2] DEBUG org.apache.hc.client5.http.wire -- http-outgoing-0 << "BB[0xffffffba][0xffffff8e]][0xffffffb5]jo[0xffffffb9]+"[0xffffffea][0xffffffb4][0xffffffff]h"[0xffffffea]\?5[0xffffffa9][0xffffffaf]k[0xffffffec][0xffffffff]P[0xffffffea][\n]"
23:04:04.472 [TestNG-tests-2] DEBUG org.apache.hc.client5.http.wire -- http-outgoing-0 << "w[0xffffffe1]K[0x13][0xffffffda][0xffffffec][0xffffff98][0xffffffe6]Y[0xfffffffd]h8m6[0xffffff9c]T[0xffffffc1][0xfffffff2][0xffffffa7][0xffffff91]z_[0xffffff95]o85p[0x1c][0x13][0xffffffe6][0xfffffff0]5[0xffffffee][0xfffffffc][0xffffff92][0xffffff96][0xffffffda][0xfffffff7][0xffffffcf][0xffffffb1][0x5][0x1d][0xffffffea]K[0xffffff9b]9[0xffffff8e][0xffffffad]e[0xfffffff7][0xffffff93][0xffffffa8]`[0xffffffda][0xffffffff][0x1a][0xffffffd2][0xffffff88][0xffffff85][0xfffffffd][0xfffffff2][0xffffff91]N[0xfffffff6]`[0xffffffdf]2[0xffffffcf][0xffffffae]E[0xffffff97][0xffffffc5][0xffffffa2][0xffffff9d][0xffffffef]'[0xffffff9d]mun.[0xffffffd3]f^[0xffffffc7][0xffffff82][0xffffffda][0xffffff82]9[0xfffffff5][0xffffffa9]`[0x5][0xffffffbc]4[0xffffffa1][0x1d]<M[0xffffffb5]A[0xffffffa7]3[[0xffffffc0][0x7f][0x0][0xffffffc1][0xffffffd0]$[0xffffff85][0x1d][\r][0x0][0x0]"
23:04:04.472 [TestNG-tests-1] DEBUG org.apache.hc.client5.http.wire -- http-outgoing-1 << "[0x1f][0xffffff8b][0x8][0x0][0x0][0x0][0x0][0x0][0x0][0x3][0xffffffb5]V]o[0xffffffda]0[0x14]}[0xffffffe7]W\[0xffffff81]*[0xffffffb5][0x12][0x1f][[M[0xffffffd3]$[0x1e]hF[0xffffffbb]i [0x18][0xffffffb4][0xffffffdd]&[0xfffffff9][0xffffffc5]$7[0xffffffc1]R[0x12]#;[0xffffff94]v[0xffffffbf]~[0xffffffb6][0xfffffff3]1[0xffffff92][0xffffff9a][0xffffffc1][0x1a]x[0xffffffcb][0xffffffb5][0xffffffaf][0xffffffcf]9[0xffffffbe][0xfffffff7]8v[0xb][0x1c][0x1e]E4[0xfffffff6]$x4[0xffffffa1][0xb]*[0xffffffb1][0xffffffd1][0xffffff82][0xfffffffb]%[0xffffff93][0xffffffe0][0xffffffb3][0x10][0xffffffc1][0xffffffe5]qBY,!Y[0xffffffea] KM8,[0x10][0xfffffff0][0x19][0xffffffdd]u[0xffffff82][0x1e][0xffffffb0][0xffffffd8]L[0xffffffcb]%[0xffffff86][0xffffffa1][0xe][0xffffffb8][0xfffffff0]P[0xffffffe8]$[0xf][0x13]t[0x13]3[0xfffffff9][0xffffff84]B2[0xffffffae][0xffffffe6]|@[0xfffffff5][0x1d][0x8][0xffffffc4][0x18][0x16][0xffffff82]o[0xffffffa4][0xffffff9a]P[0xffffff94][0xffffffe7][0xffffffce]R[0xfffffff0][0x8][0xffffffdb]p[0xffffffcb][0x4][0xfffffffa][0xfffffffc][0xffffffb9][\r][0xffffff93][0x15][\n]"
23:04:04.472 [TestNG-tests-1] DEBUG org.apache.hc.client5.http.wire -- http-outgoing-1 << "[0xffffffda][0xffffff86][0xffffffa1][0x17][0xffffffa8]Q3[0xffffffcb][0xffffffd6][0xffffffd1][0xffffff85][0xffffffc6][0xfffffff7][0xffffff98][0xffffffef][0xffffffa3][0xffffffc0]8[0x1][0xffffffae]s[0x12][0x16][0x7] _d[0xffffff82][0xffffff91][0xffffff84][0xfffffff3][0x1f],[0xfffffff6][0x14]j[0x1b]F,^+[0xffffff98]1ua2[0xffffffbf]h([0xffffff8e][0xffffff94][0xffffffa2][0xffffff91]m[0xffffffa3][0xffffffeb][0xffffff9a][0xffffffb0][0xffffffbb]I[0x17]t[0xffffffdf][0xffffffbd][0xffffffef][0xffffffbb][0xffffff91][0xffffffd7]U[0xffffffbb][0xffffff82][0xffffff9e][0x3][0xffffff9b][0xffffff88][0xffffffb9][0xffffffa6]$[0xffffffa6][0xc][0xffffff9b][0xffffffa5][0xffffffe2][0xffffff83][0xffffff98]F[0xffffffd8]o[0xffffff9e]Mg[0xffffff93][0xffffffbb][0xffffffd9]`|[0xfffffffb]u4[0xffffff9c][0x7f]"}B[0xffffffce][0x8][0xffffffb9][0xffffffe3]<[0x8][0xffffff91][0xffffff90][0xffffff94][0xffffff82][0xffffff90][0xffffffc1]j[0x15]2WI[0xffffffe3]1![0x19][0xffffff91]BnB[0xffffff80][0x9]<f[0xffffffb5][0xffffffe8]=[0xffffffd1]p[0xffffffbd][[0xffffffcf][0xffffffe5][0x1b][0xfffffff4][0xffffff9c][0xffffffff][0xfffffffc][0xfffffff8][0xffffffe1][0xffffffe2][0xffffff94][0xffffffa2][0xffffffae][0xe][0x14]5[0xffffff9a]8[0xffffff83][0xffffffd1]`:[0xfffffffd]<[0xffffffb8][0x1f][0xffffff9c]R[0xffffffcf]u[0x7f]6[0xffffffbc][0xffffff83][0xffffffef][0xf][0xffffffc3][0xffffffd9]/[0xfffffff8][0xfffffff2][0xffffffcd]y s[0xffffffee]'[0x1b]*0g[0xffffffcb][0xffffffc8]nF7H][0xffffff83][0xffffff97]{[0xffffffb1]Q[0x5][\r][0xffffffb5]c[0xffffffb4][0xf][0x2][0xffffffb3][0xffffffb4][0xffffff93][0xe]C[0xffffffa7][0xffffffb3]kAD][0xffffff9d][0xffffffde][0xffffffdb][0xffffffda][0xffffff88][0xffffffec][0xffffffa5][0xffffffbc][0xffffff99][0xffffffd9][0xffffffba]t[0xffffffb5][0xffffffea]9[0xffffffea][0x10])[0xffffffb7][0xffffffca][0xffffff9e][0xfffffff2][0xffffffe2]d^N[0xffffffd8]FW[0x16][0xffffffcd][0xffffffdc]_[0x10][0xfffffff9]i|[0x1c][0xffffff93][0xffffff8e][0xfffffff9]o[0x16][0xffffff86]4'!$G[0xffffffdf]W[0xfffffff4]W*j[[0xfffffff3]xR[0xffffffae][0xffffffb6][0xc][0xffffffd0],; #[0xffffffa9][0xffffff92]5[0xffffffb5][0x7][0xffffff9c][0xffffffb5][0xffffffd0][0x7f][0xffffff90][0xffffffc7]jgs[0xfffffffc][0xffffffc2][0xb][0xffffffd9][0x0]t[0xffffff9e]^'Y[0xfffffffb][0xffffff9f][0xffffffb1][0xffffffd8]:[0xffffffbf][0xffffff8d][0xffffffa5][0xffffff9a][0xffffffad][0x7f]m[0x5]&[0xffffffaa][0xffffffa0]^[0xffffff9b][0xffffffcb][0x5]f[0xffffffae][0xffffffe0]RU[0xffffff82][0x10]MS9l[0xffffff91]4t[0xfffffffb][0xffffff8a]][0xffffffd6][0xfffffff4][0xffffff96][0xffffffa6][0xffffff9f]P[0xffffffce][0xffffffd5][0xffffffce][0xffffff93][0xffffffff][0xffffff97][0xffffffcc]p[0xfffffffd][0xfffffff3][0xffffffe8][0x1b][0xffffffcc][0xffffffa2][0xffffffd9]Q[0xffffffbe][0xffffffb2][0xffffffa3][0xffffffc7]m'[0xffffffdf][0xffffffe4][[0xfffffffb]^[0xffffffb0][0xffffff9a][0xffffffbe][0xffffffda][0xffffffda]_[0xffffffce][0xffffff80][0xffffffd2][0xffffffc1]7[0xffffffb7]][0xffffffc1]b[0xffffffee][0xffffffb5][0xffffffff]w[0xffffff83][0xffffffed][0xffffffa7];[0x15]<[0x10]4[0xffffff92][0xffffff84][0x18][\n]"
23:04:04.473 [TestNG-tests-1] DEBUG org.apache.hc.client5.http.wire -- http-outgoing-1 << "BB[0xffffffba][0xffffff8e]][0xffffffb5]jo[0xffffffb9]+"[0xffffffea][0xffffffb4][0xffffffff]h"[0xffffffea]\?5[0xffffffa9][0xffffffaf]k[0xffffffec][0xffffffff]P[0xffffffea][\n]"
23:04:04.473 [TestNG-tests-1] DEBUG org.apache.hc.client5.http.wire -- http-outgoing-1 << "w[0xffffffe1]K[0x13][0xffffffda][0xffffffec][0xffffff98][0xffffffe6]Y[0xfffffffd]h8m6[0xffffff9c]T[0xffffffc1][0xfffffff2][0xffffffa7][0xffffff91]z_[0xffffff95]o85p[0x1c][0x13][0xffffffe6][0xfffffff0]5[0xffffffee][0xfffffffc][0xffffff92][0xffffff96][0xffffffda][0xfffffff7][0xffffffcf][0xffffffb1][0x5][0x1d][0xffffffea]K[0xffffff9b]9[0xffffff8e][0xffffffad]e[0xfffffff7][0xffffff93][0xffffffa8]`[0xffffffda][0xffffffff][0x1a][0xffffffd2][0xffffff88][0xffffff85][0xfffffffd][0xfffffff2][0xffffff91]N[0xfffffff6]`[0xffffffdf]2[0xffffffcf][0xffffffae]E[0xffffff97][0xffffffc5][0xffffffa2][0xffffff9d][0xffffffef]'[0xffffff9d]mun.[0xffffffd3]f^[0xffffffc7][0xffffff82][0xffffffda][0xffffff82]9[0xfffffff5][0xffffffa9]`[0x5][0xffffffbc]4[0xffffffa1][0x1d]<M[0xffffffb5]A[0xffffffa7]3[[0xffffffc0][0x7f][0x0][0xffffffc1][0xffffffd0]$[0xffffff85][0x1d][\r][0x0][0x0]"
23:04:04.474 [TestNG-tests-2] DEBUG org.apache.hc.client5.http.impl.classic.InternalHttpClient -- ep-0000000001 releasing valid endpoint
23:04:04.474 [TestNG-tests-2] DEBUG org.apache.hc.client5.http.impl.io.PoolingHttpClientConnectionManager -- ep-0000000001 releasing endpoint
23:04:04.474 [TestNG-tests-2] DEBUG org.apache.hc.client5.http.impl.io.PoolingHttpClientConnectionManager -- ep-0000000001 connection http-outgoing-0 can be kept alive for 3 MINUTES
23:04:04.474 [TestNG-tests-1] DEBUG org.apache.hc.client5.http.impl.classic.InternalHttpClient -- ep-0000000002 releasing valid endpoint
23:04:04.474 [TestNG-tests-1] DEBUG org.apache.hc.client5.http.impl.io.PoolingHttpClientConnectionManager -- ep-0000000002 releasing endpoint
23:04:04.474 [TestNG-tests-1] DEBUG org.apache.hc.client5.http.impl.io.PoolingHttpClientConnectionManager -- ep-0000000002 connection http-outgoing-1 can be kept alive for 3 MINUTES
23:04:04.475 [TestNG-tests-1] DEBUG org.apache.hc.client5.http.impl.io.PoolingHttpClientConnectionManager -- ep-0000000002 connection released [route: {s}->https://raw.githubusercontent.com:443][total available: 1; route allocated: 1 of 5; total allocated: 1 of 25]
23:04:04.475 [TestNG-tests-2] DEBUG org.apache.hc.client5.http.impl.io.PoolingHttpClientConnectionManager -- ep-0000000001 connection released [route: {s}->https://raw.githubusercontent.com:443][total available: 1; route allocated: 1 of 5; total allocated: 1 of 25]
23:04:04.475 [TestNG-tests-1] DEBUG io.github.bonigarcia.wdm.versions.VersionDetector -- Detecting chrome version using online commands.properties
23:04:04.475 [TestNG-tests-2] DEBUG io.github.bonigarcia.wdm.versions.VersionDetector -- Detecting chrome version using online commands.properties
23:04:04.482 [TestNG-tests-1] DEBUG io.github.bonigarcia.wdm.versions.Shell -- Running command on the shell: [cmd.exe, /C, wmic, datafile, where, name="%PROGRAMFILES:\=\\%\\Google\\Chrome\\Application\\chrome.exe", get, Version, /value]
23:04:04.482 [TestNG-tests-2] DEBUG io.github.bonigarcia.wdm.versions.Shell -- Running command on the shell: [cmd.exe, /C, wmic, datafile, where, name="%PROGRAMFILES:\=\\%\\Google\\Chrome\\Application\\chrome.exe", get, Version, /value]
23:04:04.650 [TestNG-tests-1] DEBUG io.github.bonigarcia.wdm.versions.Shell -- Result: Version=114.0.5735.199
23:04:04.650 [TestNG-tests-2] DEBUG io.github.bonigarcia.wdm.versions.Shell -- Result: Version=114.0.5735.199
23:04:04.654 [TestNG-tests-2] DEBUG io.github.bonigarcia.wdm.cache.ResolutionCache -- Resolution chrome114=114.0.5735.90 in cache (valid until 20:20:55 23/01/2024 IST)
23:04:04.654 [TestNG-tests-1] DEBUG io.github.bonigarcia.wdm.cache.ResolutionCache -- Resolution chrome114=114.0.5735.90 in cache (valid until 20:20:55 23/01/2024 IST)
23:04:04.654 [TestNG-tests-2] INFO io.github.bonigarcia.wdm.WebDriverManager -- Using chromedriver 114.0.5735.90 (resolved driver for Chrome 114)
23:04:04.654 [TestNG-tests-1] INFO io.github.bonigarcia.wdm.WebDriverManager -- Using chromedriver 114.0.5735.90 (resolved driver for Chrome 114)
23:04:04.656 [TestNG-tests-2] DEBUG io.github.bonigarcia.wdm.cache.ResolutionCache -- Storing resolution chrome=114 in cache (valid until 00:04:04 23/01/2024 IST)
23:04:04.656 [TestNG-tests-1] DEBUG io.github.bonigarcia.wdm.cache.ResolutionCache -- Storing resolution chrome=114 in cache (valid until 00:04:04 23/01/2024 IST)
23:04:04.698 [TestNG-tests-2] DEBUG io.github.bonigarcia.wdm.WebDriverManager -- Driver chromedriver 114.0.5735.90 found in cache
23:04:04.698 [TestNG-tests-1] DEBUG io.github.bonigarcia.wdm.WebDriverManager -- Driver chromedriver 114.0.5735.90 found in cache
23:04:04.698 [TestNG-tests-2] INFO io.github.bonigarcia.wdm.WebDriverManager -- Exporting webdriver.chrome.driver as C:\Users\Bharath\.cache\selenium\chromedriver\win64\114.0.5735.90\chromedriver.exe
23:04:04.699 [TestNG-tests-1] INFO io.github.bonigarcia.wdm.WebDriverManager -- Exporting webdriver.chrome.driver as C:\Users\Bharath\.cache\selenium\chromedriver\win64\114.0.5735.90\chromedriver.exe
Incorrect email or password.
]]></system-out>
    <system-err><![CDATA[Jan 22, 2024 11:04:06 PM org.openqa.selenium.devtools.CdpVersionFinder findNearestMatch
WARNING: Unable to find CDP implementation matching 114
Jan 22, 2024 11:04:06 PM org.openqa.selenium.devtools.CdpVersionFinder findNearestMatch
WARNING: Unable to find CDP implementation matching 114
Jan 22, 2024 11:04:06 PM org.openqa.selenium.chromium.ChromiumDriver lambda$new$5
WARNING: Unable to find version of CDP to use for 114.0.5735.199. You may need to include a dependency on a specific version of the CDP using something similar to `org.seleniumhq.selenium:selenium-devtools-v86:4.16.1` where the version ("v86") matches the version of the chromium-based browser you're using and the version number of the artifact is the same as Selenium's.
Jan 22, 2024 11:04:06 PM org.openqa.selenium.chromium.ChromiumDriver lambda$new$5
WARNING: Unable to find version of CDP to use for 114.0.5735.199. You may need to include a dependency on a specific version of the CDP using something similar to `org.seleniumhq.selenium:selenium-devtools-v86:4.16.1` where the version ("v86") matches the version of the chromium-based browser you're using and the version number of the artifact is the same as Selenium's.
]]></system-err>
  </testcase>
  <testcase name="productCatelogError" classname="org.testcases.ErrorvalidationsTest" time="0">
    <skipped message="element click intercepted: Element &lt;button _ngcontent-xkk-c33=&quot;&quot; routerlink=&quot;/dashboard/cart&quot; class=&quot;btn btn-custom&quot; style=&quot;margin-top: -10px;&quot; tabindex=&quot;0&quot;&gt;...&lt;/button&gt; is not clickable at point (1284, 27). Other element would receive the click: &lt;div _ngcontent-xkk-c31=&quot;&quot; class=&quot;ngx-spinner-overlay ng-tns-c31-1 ng-trigger ng-trigger-fadeIn ng-star-inserted&quot; style=&quot;background-color: rgba(51, 51, 51, 0.8); z-index: 99999; position: fixed; opacity: 1;&quot;&gt;...&lt;/div&gt;&#10;  (Session info: chrome=114.0.5735.199)&#10;Build info: version: &apos;4.16.1&apos;, revision: &apos;9b4c83354e&apos;&#10;System info: os.name: &apos;Windows 11&apos;, os.arch: &apos;amd64&apos;, os.version: &apos;10.0&apos;, java.version: &apos;20.0.1&apos;&#10;Driver info: org.openqa.selenium.chrome.ChromeDriver&#10;Command: [e07c802deb25918d77c09f040f116011, clickElement {id=E8A7A4F2705801D86E2E12C4ED2A7F14_element_27}]&#10;Capabilities {acceptInsecureCerts: false, browserName: chrome, browserVersion: 114.0.5735.199, chrome: {chromedriverVersion: 114.0.5735.90 (386bc09e8f4f..., userDataDir: C:\Users\Bharath\AppData\Lo...}, goog:chromeOptions: {debuggerAddress: localhost:12694}, networkConnectionEnabled: false, pageLoadStrategy: normal, platformName: windows, proxy: Proxy(), se:cdp: ws://localhost:12694/devtoo..., se:cdpVersion: 114.0.5735.199, setWindowRect: true, strictFileInteractability: false, timeouts: {implicit: 0, pageLoad: 300000, script: 30000}, unhandledPromptBehavior: dismiss and notify, webauthn:extension:credBlob: true, webauthn:extension:largeBlob: true, webauthn:extension:minPinLength: true, webauthn:extension:prf: true, webauthn:virtualAuthenticators: true}&#10;Element: [[ChromeDriver: chrome on windows (e07c802deb25918d77c09f040f116011)] -&gt; xpath: //*[@routerlink=&apos;/dashboard/cart&apos;]]&#10;Session ID: e07c802deb25918d77c09f040f116011"/>
    <system-out><![CDATA[23:04:36.191 [TestNG-tests-2] DEBUG io.github.bonigarcia.wdm.WebDriverManager -- Using WebDriverManager 5.6.2
23:04:36.202 [TestNG-tests-2] DEBUG io.github.bonigarcia.wdm.cache.ResolutionCache -- Resolution chrome=114 in cache (valid until 00:04:04 23/01/2024 IST)
23:04:36.203 [TestNG-tests-2] DEBUG io.github.bonigarcia.wdm.cache.ResolutionCache -- Resolution chrome114=114.0.5735.90 in cache (valid until 20:20:55 23/01/2024 IST)
23:04:36.203 [TestNG-tests-2] INFO io.github.bonigarcia.wdm.WebDriverManager -- Using chromedriver 114.0.5735.90 (resolved driver for Chrome 114)
23:04:36.218 [TestNG-tests-2] DEBUG io.github.bonigarcia.wdm.WebDriverManager -- Driver chromedriver 114.0.5735.90 found in cache
23:04:36.219 [TestNG-tests-2] INFO io.github.bonigarcia.wdm.WebDriverManager -- Exporting webdriver.chrome.driver as C:\Users\Bharath\.cache\selenium\chromedriver\win64\114.0.5735.90\chromedriver.exe
]]></system-out>
    <system-err><![CDATA[Jan 22, 2024 11:04:37 PM org.openqa.selenium.devtools.CdpVersionFinder findNearestMatch
WARNING: Unable to find CDP implementation matching 114
Jan 22, 2024 11:04:37 PM org.openqa.selenium.chromium.ChromiumDriver lambda$new$5
WARNING: Unable to find version of CDP to use for 114.0.5735.199. You may need to include a dependency on a specific version of the CDP using something similar to `org.seleniumhq.selenium:selenium-devtools-v86:4.16.1` where the version ("v86") matches the version of the chromium-based browser you're using and the version number of the artifact is the same as Selenium's.
]]></system-err>
  </testcase>
  <testcase name="productCatelogError" classname="org.testcases.ErrorvalidationsTest" time="2.551">
    <system-out><![CDATA[23:04:50.288 [TestNG-tests-1] DEBUG io.github.bonigarcia.wdm.WebDriverManager -- Using WebDriverManager 5.6.2
23:04:50.301 [TestNG-tests-1] DEBUG io.github.bonigarcia.wdm.cache.ResolutionCache -- Resolution chrome=114 in cache (valid until 00:04:04 23/01/2024 IST)
23:04:50.301 [TestNG-tests-1] DEBUG io.github.bonigarcia.wdm.cache.ResolutionCache -- Resolution chrome114=114.0.5735.90 in cache (valid until 20:20:55 23/01/2024 IST)
23:04:50.301 [TestNG-tests-1] INFO io.github.bonigarcia.wdm.WebDriverManager -- Using chromedriver 114.0.5735.90 (resolved driver for Chrome 114)
23:04:50.327 [TestNG-tests-1] DEBUG io.github.bonigarcia.wdm.WebDriverManager -- Driver chromedriver 114.0.5735.90 found in cache
23:04:50.328 [TestNG-tests-1] INFO io.github.bonigarcia.wdm.WebDriverManager -- Exporting webdriver.chrome.driver as C:\Users\Bharath\.cache\selenium\chromedriver\win64\114.0.5735.90\chromedriver.exe
Is product in cart: true
]]></system-out>
    <system-err><![CDATA[Jan 22, 2024 11:04:51 PM org.openqa.selenium.devtools.CdpVersionFinder findNearestMatch
WARNING: Unable to find CDP implementation matching 114
Jan 22, 2024 11:04:51 PM org.openqa.selenium.chromium.ChromiumDriver lambda$new$5
WARNING: Unable to find version of CDP to use for 114.0.5735.199. You may need to include a dependency on a specific version of the CDP using something similar to `org.seleniumhq.selenium:selenium-devtools-v86:4.16.1` where the version ("v86") matches the version of the chromium-based browser you're using and the version number of the artifact is the same as Selenium's.
]]></system-err>
  </testcase>
  <testcase name="submitOrder[{password=Test@1234, email=bharath@yopmail.com, productName=ZARA COAT 3}](1)" classname="org.testcases.SubmitOrderTest" time="0.441">
    <system-out><![CDATA[23:04:46.694 [TestNG-tests-2] DEBUG io.github.bonigarcia.wdm.WebDriverManager -- Using WebDriverManager 5.6.2
23:04:46.704 [TestNG-tests-2] DEBUG io.github.bonigarcia.wdm.cache.ResolutionCache -- Resolution chrome=114 in cache (valid until 00:04:04 23/01/2024 IST)
23:04:46.705 [TestNG-tests-2] DEBUG io.github.bonigarcia.wdm.cache.ResolutionCache -- Resolution chrome114=114.0.5735.90 in cache (valid until 20:20:55 23/01/2024 IST)
23:04:46.705 [TestNG-tests-2] INFO io.github.bonigarcia.wdm.WebDriverManager -- Using chromedriver 114.0.5735.90 (resolved driver for Chrome 114)
23:04:46.717 [TestNG-tests-2] DEBUG io.github.bonigarcia.wdm.WebDriverManager -- Driver chromedriver 114.0.5735.90 found in cache
23:04:46.717 [TestNG-tests-2] INFO io.github.bonigarcia.wdm.WebDriverManager -- Exporting webdriver.chrome.driver as C:\Users\Bharath\.cache\selenium\chromedriver\win64\114.0.5735.90\chromedriver.exe
Is product in cart: true
]]></system-out>
    <system-err><![CDATA[Jan 22, 2024 11:04:48 PM org.openqa.selenium.devtools.CdpVersionFinder findNearestMatch
WARNING: Unable to find CDP implementation matching 114
Jan 22, 2024 11:04:48 PM org.openqa.selenium.chromium.ChromiumDriver lambda$new$5
WARNING: Unable to find version of CDP to use for 114.0.5735.199. You may need to include a dependency on a specific version of the CDP using something similar to `org.seleniumhq.selenium:selenium-devtools-v86:4.16.1` where the version ("v86") matches the version of the chromium-based browser you're using and the version number of the artifact is the same as Selenium's.
]]></system-err>
  </testcase>
  <testcase name="submitOrder[{password=Test@1234, email=sharath@yopmail.com, productName=ZARA COAT 3}](2)" classname="org.testcases.SubmitOrderTest" time="6.722">
    <failure message="element click intercepted: Element &lt;button _ngcontent-jsf-c33=&quot;&quot; routerlink=&quot;/dashboard/cart&quot; class=&quot;btn btn-custom&quot; style=&quot;margin-top: -10px;&quot; tabindex=&quot;0&quot;&gt;...&lt;/button&gt; is not clickable at point (1284, 27). Other element would receive the click: &lt;div _ngcontent-jsf-c31=&quot;&quot; class=&quot;ngx-spinner-overlay ng-tns-c31-1 ng-trigger ng-trigger-fadeIn ng-star-inserted&quot; style=&quot;background-color: rgba(51, 51, 51, 0.8); z-index: 99999; position: fixed; opacity: 1;&quot;&gt;...&lt;/div&gt;&#10;  (Session info: chrome=114.0.5735.199)&#10;Build info: version: &apos;4.16.1&apos;, revision: &apos;9b4c83354e&apos;&#10;System info: os.name: &apos;Windows 11&apos;, os.arch: &apos;amd64&apos;, os.version: &apos;10.0&apos;, java.version: &apos;20.0.1&apos;&#10;Driver info: org.openqa.selenium.chrome.ChromeDriver&#10;Command: [c164c066b6dbe54c334ee0e3c18fc9dc, clickElement {id=9415FB2754FE1439DF5DCE743B35ED46_element_29}]&#10;Capabilities {acceptInsecureCerts: false, browserName: chrome, browserVersion: 114.0.5735.199, chrome: {chromedriverVersion: 114.0.5735.90 (386bc09e8f4f..., userDataDir: C:\Users\Bharath\AppData\Lo...}, goog:chromeOptions: {debuggerAddress: localhost:12755}, networkConnectionEnabled: false, pageLoadStrategy: normal, platformName: windows, proxy: Proxy(), se:cdp: ws://localhost:12755/devtoo..., se:cdpVersion: 114.0.5735.199, setWindowRect: true, strictFileInteractability: false, timeouts: {implicit: 0, pageLoad: 300000, script: 30000}, unhandledPromptBehavior: dismiss and notify, webauthn:extension:credBlob: true, webauthn:extension:largeBlob: true, webauthn:extension:minPinLength: true, webauthn:extension:prf: true, webauthn:virtualAuthenticators: true}&#10;Element: [[ChromeDriver: chrome on windows (c164c066b6dbe54c334ee0e3c18fc9dc)] -&gt; xpath: //*[@routerlink=&apos;/dashboard/cart&apos;]]&#10;Session ID: c164c066b6dbe54c334ee0e3c18fc9dc" type="org.openqa.selenium.ElementClickInterceptedException"><![CDATA[org.openqa.selenium.ElementClickInterceptedException: 
element click intercepted: Element <button _ngcontent-jsf-c33="" routerlink="/dashboard/cart" class="btn btn-custom" style="margin-top: -10px;" tabindex="0">...</button> is not clickable at point (1284, 27). Other element would receive the click: <div _ngcontent-jsf-c31="" class="ngx-spinner-overlay ng-tns-c31-1 ng-trigger ng-trigger-fadeIn ng-star-inserted" style="background-color: rgba(51, 51, 51, 0.8); z-index: 99999; position: fixed; opacity: 1;">...</div>
  (Session info: chrome=114.0.5735.199)
Build info: version: '4.16.1', revision: '9b4c83354e'
System info: os.name: 'Windows 11', os.arch: 'amd64', os.version: '10.0', java.version: '20.0.1'
Driver info: org.openqa.selenium.chrome.ChromeDriver
Command: [c164c066b6dbe54c334ee0e3c18fc9dc, clickElement {id=9415FB2754FE1439DF5DCE743B35ED46_element_29}]
Capabilities {acceptInsecureCerts: false, browserName: chrome, browserVersion: 114.0.5735.199, chrome: {chromedriverVersion: 114.0.5735.90 (386bc09e8f4f..., userDataDir: C:\Users\Bharath\AppData\Lo...}, goog:chromeOptions: {debuggerAddress: localhost:12755}, networkConnectionEnabled: false, pageLoadStrategy: normal, platformName: windows, proxy: Proxy(), se:cdp: ws://localhost:12755/devtoo..., se:cdpVersion: 114.0.5735.199, setWindowRect: true, strictFileInteractability: false, timeouts: {implicit: 0, pageLoad: 300000, script: 30000}, unhandledPromptBehavior: dismiss and notify, webauthn:extension:credBlob: true, webauthn:extension:largeBlob: true, webauthn:extension:minPinLength: true, webauthn:extension:prf: true, webauthn:virtualAuthenticators: true}
Element: [[ChromeDriver: chrome on windows (c164c066b6dbe54c334ee0e3c18fc9dc)] -> xpath: //*[@routerlink='/dashboard/cart']]
Session ID: c164c066b6dbe54c334ee0e3c18fc9dc
	at org.testcases.SubmitOrderTest.submitOrder(SubmitOrderTest.java:50)
]]></failure>
    <system-err><![CDATA[Jan 22, 2024 11:04:58 PM org.openqa.selenium.remote.http.WebSocket$Listener onError
WARNING: Connection reset
java.net.SocketException: Connection reset
	at java.base/sun.nio.ch.SocketChannelImpl.throwConnectionReset(SocketChannelImpl.java:401)
	at java.base/sun.nio.ch.SocketChannelImpl.read(SocketChannelImpl.java:434)
	at java.net.http/jdk.internal.net.http.SocketTube.readAvailable(SocketTube.java:1178)
	at java.net.http/jdk.internal.net.http.SocketTube$InternalReadPublisher$InternalReadSubscription.read(SocketTube.java:841)
	at java.net.http/jdk.internal.net.http.SocketTube$SocketFlowTask.run(SocketTube.java:181)
	at java.net.http/jdk.internal.net.http.common.SequentialScheduler$SchedulableTask.run(SequentialScheduler.java:230)
	at java.net.http/jdk.internal.net.http.common.SequentialScheduler.runOrSchedule(SequentialScheduler.java:303)
	at java.net.http/jdk.internal.net.http.common.SequentialScheduler.runOrSchedule(SequentialScheduler.java:256)
	at java.net.http/jdk.internal.net.http.SocketTube$InternalReadPublisher$InternalReadSubscription.signalReadable(SocketTube.java:782)
	at java.net.http/jdk.internal.net.http.SocketTube$InternalReadPublisher$ReadEvent.signalEvent(SocketTube.java:965)
	at java.net.http/jdk.internal.net.http.SocketTube$SocketFlowEvent.handle(SocketTube.java:253)
	at java.net.http/jdk.internal.net.http.HttpClientImpl$SelectorManager.handleEvent(HttpClientImpl.java:1390)
	at java.net.http/jdk.internal.net.http.HttpClientImpl$SelectorManager.lambda$run$3(HttpClientImpl.java:1335)
	at java.base/java.util.ArrayList.forEach(ArrayList.java:1511)
	at java.net.http/jdk.internal.net.http.HttpClientImpl$SelectorManager.run(HttpClientImpl.java:1335)

]]></system-err>
  </testcase>
  <testcase name="orderHistory" classname="org.testcases.SubmitOrderTest" time="0">
    <skipped message="Method org.testcases.SubmitOrderTest.orderHistory() on instance org.testcases.SubmitOrderTest@7905a0b8 depends on not successfully finished methods &#10;[org.testcases.SubmitOrderTest.submitOrder() on instance org.testcases.SubmitOrderTest@7905a0b8]"/>
  </testcase>
</testsuite>