<?xml version="1.0" encoding="UTF-8"?>
<!-- Generated by org.testng.reporters.JUnitReportReporter -->
<testsuite hostname="Bharath-PC" failures="0" tests="4" name="org.testcases.ErrorvalidationsTest" time="36.650" errors="0" timestamp="2024-01-16T20:06:22 IST" skipped="2">
  <testcase classname="org.testcases.ErrorvalidationsTest" name="loginerror" time="3.176"/>
  <system-out/>
  <testcase classname="org.testcases.ErrorvalidationsTest" name="loginerror" time="3.174">
    <skipped/>
  </testcase> <!-- loginerror -->
  <system-out/>
  <testcase classname="org.testcases.ErrorvalidationsTest" name="productCatelogError" time="12.828"/>
  <system-out/>
  <testcase classname="org.testcases.ErrorvalidationsTest" name="productCatelogError" time="17.472">
    <skipped/>
  </testcase> <!-- productCatelogError -->
  <system-out/>
</testsuite> <!-- org.testcases.ErrorvalidationsTest -->
