<?xml version="1.0" encoding="UTF-8"?>
<!-- Generated by org.testng.reporters.JUnitReportReporter -->
<testsuite hostname="Bharath-PC" failures="0" tests="1" name="SubmitOrdertest" time="12.709" errors="0" timestamp="2024-01-15T16:10:01 IST" skipped="0">
  <testcase classname="SubmitOrdertest" name="submitOrder" time="12.709"/>
</testsuite> <!-- SubmitOrdertest -->
