<?xml version="1.0" encoding="UTF-8"?>
<!-- Generated by org.testng.reporters.JUnitReportReporter -->
<testsuite hostname="Bharath-PC" failures="0" tests="3" name="org.testcases.ErrorvalidationsTest" time="58.549" errors="0" timestamp="2024-01-22T23:05:02 IST" skipped="1">
  <testcase classname="org.testcases.ErrorvalidationsTest" name="productCatelogError" time="17.262"/>
  <system-out/>
  <testcase classname="org.testcases.ErrorvalidationsTest" name="loginerror" time="4.327"/>
  <system-out/>
  <testcase classname="org.testcases.ErrorvalidationsTest" name="productCatelogError" time="36.960">
    <skipped/>
  </testcase> <!-- productCatelogError -->
  <system-out/>
</testsuite> <!-- org.testcases.ErrorvalidationsTest -->
